units           metal
boundary        p p p
atom_style      atomic
read_data      /HOME/hust_hbyu_1/Samples/Ni80P20_C20/dat/T380.dat
  orthogonal box = (-35.4589 -35.4589 -35.4589) to (35.4589 35.4589 35.4589)
  4 by 5 by 6 MPI processor grid
  reading atoms ...
  32000 atoms
  reading velocities ...
  32000 velocities
pair_style      eam/alloy
pair_coeff      * *   /HOME/hust_hbyu_1/Samples/Ni80P20_C20/dat/NiP.lammps.eam Ni P
mass            1  58.69
mass			2  30.97
neigh_modify    delay 5
timestep 0.01
thermo 100000
reset_timestep 0
thermo_style custom step temp pe etotal press vol lx ly lz
fix             1 all nvt temp 380 380 0.5
thermo_modify flush yes
fix dsf all deform 1 x  wiggle 0.5    300000.0   y volume z volume units box
fix ps1 all ave/time 1 1 300000 c_thermo_press[1] c_thermo_press[2]  c_thermo_press[3] c_thermo_press[4]  c_thermo_press[5] c_thermo_press[6]  file  YDMA380K-stress-300ns.txt
dump            1 all custom 10000000 YDMA380K-300ns.lammpstrj id type x y z
dump_modify 1 sort id
run 150000000
Neighbor list info ...
  1 neighbor list requests
  update every 1 steps, delay 5 steps, check yes
  master list distance cutoff = 8.5
  ghost atom cutoff = 8.5
Memory usage per processor = 3.51257 Mbytes
Step Temp PotEng TotEng Press Volume Lx Ly Lz 
       0    378.35441   -144982.75    -143417.8   -143.19997    356670.37    70.917869    70.917869    70.917869 
  100000    378.48922   -144905.31    -143339.8    1144.6291    356670.37    70.928341    70.912634    70.912634 
  200000    376.36383    -144918.7   -143361.98    922.85206    356670.37    70.938807    70.907403    70.907403 
  300000    381.12099   -144921.25   -143344.86    1084.4158    356670.37    70.949265    70.902177    70.902177 
  400000    381.14853   -144920.21   -143343.71    1242.3519    356670.37    70.959708    70.896959    70.896959 
  500000    379.24604    -144919.8   -143351.16    1049.6884    356670.37    70.970134    70.891752    70.891752 
  600000    377.64515   -144910.65   -143348.63     1254.623    356670.37    70.980536    70.886557    70.886557 
  700000    383.00328   -144927.18   -143343.01    1105.5358    356670.37    70.990911    70.881377    70.881377 
  800000    378.03609   -144924.65   -143361.02     906.2042    356670.37    71.001254    70.876214    70.876214 
  900000    380.09969   -144919.12   -143346.95    778.26957    356670.37     71.01156     70.87107     70.87107 
 1000000    382.96859   -144910.88   -143326.85    1222.6219    356670.37    71.021825    70.865949    70.865949 
 1100000    380.45366   -144914.55   -143340.92    942.98129    356670.37    71.032045     70.86085     70.86085 
 1200000     378.5751    -144927.4   -143361.54    711.29176    356670.37    71.042214    70.855779    70.855779 
 1300000    381.40338   -144918.89   -143341.33     1098.508    356670.37    71.052329    70.850735    70.850735 
 1400000    379.73909   -144922.91   -143352.23    956.18273    356670.37    71.062385    70.845722    70.845722 
 1500000    378.74186   -144922.57   -143356.02    777.97778    356670.37    71.072378    70.840741    70.840741 
 1600000      381.244   -144913.06   -143336.16    1149.4646    356670.37    71.082303    70.835795    70.835795 
 1700000    380.10879   -144911.01   -143338.81    1300.6024    356670.37    71.092155    70.830887    70.830887 
 1800000    378.36601   -144911.56   -143346.56    1195.0899    356670.37    71.101932    70.826017    70.826017 
 1900000    380.46426   -144919.14   -143345.47    1190.2323    356670.37    71.111627    70.821189    70.821189 
 2000000    378.07279   -144915.79      -143352    947.05996    356670.37    71.121238    70.816403    70.816403 
 2100000    380.80731   -144921.01   -143345.92    854.26652    356670.37    71.130759    70.811664    70.811664 
 2200000    379.02902   -144920.19   -143352.45    952.46925    356670.37    71.140187    70.806971    70.806971 
 2300000    379.93152   -144915.48   -143344.01    1004.5964    356670.37    71.149517    70.802328    70.802328 
 2400000    379.68332   -144900.99   -143330.54    1394.7846    356670.37    71.158746    70.797737    70.797737 
 2500000    382.81776   -144924.12   -143340.71    882.99746    356670.37    71.167869    70.793199    70.793199 
 2600000    379.11761   -144915.76   -143347.66    875.68249    356670.37    71.176883    70.788716    70.788716 
 2700000    379.62587   -144938.86   -143368.65    587.97065    356670.37    71.185783    70.784291    70.784291 
 2800000    381.30609   -144919.69   -143342.53    725.76721    356670.37    71.194565    70.779925    70.779925 
 2900000    379.88083   -144911.36    -143340.1    1110.1348    356670.37    71.203226     70.77562     70.77562 
 3000000    380.11526   -144921.54   -143349.31    894.90743    356670.37    71.211762    70.771378    70.771378 
 3100000    380.31006   -144925.13   -143352.09    865.33414    356670.37    71.220169    70.767201    70.767201 
 3200000    382.14011    -144903.5    -143322.9    1351.7538    356670.37    71.228443    70.763091    70.763091 
 3300000    376.71193   -144916.93   -143358.78    789.07575    356670.37    71.236581    70.759048    70.759048 
 3400000    381.01053   -144905.86   -143329.92    1163.6649    356670.37     71.24458    70.755076    70.755076 
 3500000     379.8226   -144909.99   -143338.97     1381.307    356670.37    71.252435    70.751176    70.751176 
 3600000    384.02154   -144904.41   -143316.02    1366.8095    356670.37    71.260143     70.74735     70.74735 
 3700000    381.50756   -144915.47   -143337.48    1205.6253    356670.37    71.267701    70.743598    70.743598 
 3800000    382.88966   -144912.62   -143328.92     1089.705    356670.37    71.275106    70.739923    70.739923 
 3900000    381.27141   -144915.32    -143338.3    1005.5604    356670.37    71.282354    70.736327    70.736327 
 4000000    378.73466   -144914.32    -143347.8    1079.4949    356670.37    71.289442     70.73281     70.73281 
 4100000    383.11516   -144927.22   -143342.58    1038.4641    356670.37    71.296367    70.729375    70.729375 
 4200000    379.50652   -144914.35   -143344.64    847.34167    356670.37    71.303126    70.726022    70.726022 
 4300000    378.40549   -144913.26   -143348.11    1191.1957    356670.37    71.309716    70.722754    70.722754 
 4400000    378.56342   -144921.85   -143356.04    1084.0808    356670.37    71.316134    70.719572    70.719572 
 4500000    380.33368   -144918.59   -143345.46    955.83772    356670.37    71.322378    70.716476    70.716476 
 4600000    383.02167   -144921.75    -143337.5    843.82041    356670.37    71.328444    70.713469    70.713469 
 4700000    375.43124   -144912.86      -143360    1212.6804    356670.37     71.33433    70.710552    70.710552 
 4800000    380.64333   -144920.17   -143345.76    978.26924    356670.37    71.340033    70.707725    70.707725 
 4900000    382.77703   -144914.39   -143331.15    1136.7392    356670.37    71.345551    70.704991    70.704991 
 5000000    377.94948   -144903.77    -143340.5    1453.2513    356670.37    71.350882    70.702349    70.702349 
 5100000     378.8053   -144910.78   -143343.97    1190.6352    356670.37    71.356023    70.699803    70.699803 
 5200000    380.79926   -144917.38   -143342.32    989.26971    356670.37    71.360971    70.697351    70.697351 
 5300000    381.07022   -144917.18      -143341     807.8254    356670.37    71.365725    70.694996    70.694996 
 5400000    380.48153   -144896.07   -143322.33    1389.8302    356670.37    71.370283    70.692739    70.692739 
 5500000    381.96125   -144904.87      -143325    1359.5377    356670.37    71.374642     70.69058     70.69058 
 5600000    381.87213   -144907.68   -143328.19    989.54561    356670.37    71.378801    70.688521    70.688521 
 5700000    379.20441   -144913.86   -143345.39    1104.8068    356670.37    71.382758    70.686562    70.686562 
 5800000    381.01111   -144919.55   -143343.61    905.11248    356670.37     71.38651    70.684704    70.684704 
 5900000    379.10864    -144911.7   -143343.64    1340.4587    356670.37    71.390058    70.682948    70.682948 
 6000000    379.83166    -144913.2   -143342.15    975.94629    356670.37    71.393398    70.681294    70.681294 
 6100000    379.70229   -144902.55   -143332.03    1298.8699    356670.37    71.396529    70.679744    70.679744 
 6200000    381.26948   -144916.79   -143339.78    1039.0061    356670.37    71.399451    70.678298    70.678298 
 6300000      380.945    -144909.3   -143333.64    941.98266    356670.37    71.402161    70.676957    70.676957 
 6400000    378.29717    -144908.5   -143343.79     1101.339    356670.37    71.404659    70.675721    70.675721 
 6500000    377.25205   -144906.59    -143346.2    1289.6033    356670.37    71.406943     70.67459     70.67459 
 6600000    381.11173   -144918.37   -143342.02    949.74079    356670.37    71.409013    70.673566    70.673566 
 6700000    382.45692   -144912.21   -143330.29    1155.9807    356670.37    71.410867    70.672648    70.672648 
 6800000    380.94465   -144913.84   -143338.17    1089.9631    356670.37    71.412506    70.671838    70.671838 
 6900000    379.53354   -144901.17   -143331.35    1312.0947    356670.37    71.413927    70.671134    70.671134 
 7000000     379.6689   -144908.88    -143338.5    1453.1816    356670.37     71.41513    70.670539    70.670539 
 7100000    383.24611   -144904.48    -143319.3    1279.4479    356670.37    71.416116    70.670051    70.670051 
 7200000    379.91694   -144898.02   -143326.61    1517.3813    356670.37    71.416883    70.669672    70.669672 
 7300000    381.34478   -144911.48   -143334.16    1161.3224    356670.37    71.417431    70.669401    70.669401 
 7400000    379.74422   -144907.41   -143336.72    1216.3814    356670.37     71.41776    70.669238    70.669238 
 7500000    377.87437   -144901.56    -143338.6    1243.5422    356670.37    71.417869    70.669184    70.669184 
 7600000    378.48273   -144911.77   -143346.29    1454.0674    356670.37     71.41776    70.669238    70.669238 
 7700000    378.57112   -144913.31   -143347.47    968.84276    356670.37    71.417431    70.669401    70.669401 
 7800000    381.50795   -144903.14   -143325.15    1362.9348    356670.37    71.416883    70.669672    70.669672 
 7900000    377.64332    -144911.1   -143349.09    1034.5604    356670.37    71.416116    70.670051    70.670051 
 8000000    376.61656   -144918.66    -143360.9    977.84859    356670.37     71.41513    70.670539    70.670539 
 8100000     380.7216   -144917.22   -143342.48    1039.7952    356670.37    71.413927    70.671134    70.671134 
 8200000    379.10175   -144919.78   -143351.74    1232.7556    356670.37    71.412506    70.671838    70.671838 
 8300000    381.17629    -144917.8   -143341.18    1190.1746    356670.37    71.410867    70.672648    70.672648 
 8400000    380.19368   -144924.51   -143351.96    1151.5706    356670.37    71.409013    70.673566    70.673566 
 8500000    377.05063   -144902.08   -143342.53     1240.932    356670.37    71.406943     70.67459     70.67459 
 8600000    379.93723   -144903.03   -143331.54    1081.2241    356670.37    71.404659    70.675721    70.675721 
 8700000    380.41157   -144915.68   -143342.22    1158.0208    356670.37    71.402161    70.676957    70.676957 
 8800000    380.62023   -144912.87   -143338.55    1245.0547    356670.37    71.399451    70.678298    70.678298 
 8900000    382.91248   -144908.58   -143324.78    1188.5107    356670.37    71.396529    70.679744    70.679744 
 9000000    380.20013   -144910.14   -143337.56    1604.2624    356670.37    71.393398    70.681294    70.681294 
 9100000    382.28314   -144915.08   -143333.88    1466.9549    356670.37    71.390058    70.682948    70.682948 
 9200000    379.46896   -144901.46   -143331.91    1377.4704    356670.37     71.38651    70.684704    70.684704 
 9300000    383.69696   -144922.69   -143335.65    1097.9732    356670.37    71.382758    70.686562    70.686562 
 9400000    379.52414   -144917.84   -143348.05    1081.5297    356670.37    71.378801    70.688521    70.688521 
 9500000    380.70654   -144913.46   -143338.78    1128.8237    356670.37    71.374642     70.69058     70.69058 
 9600000    377.93691   -144908.08   -143344.85    1535.0917    356670.37    71.370283    70.692739    70.692739 
 9700000    379.91274   -144904.77   -143333.38    1379.8878    356670.37    71.365725    70.694996    70.694996 
 9800000    377.09634   -144916.84   -143357.09    1139.7975    356670.37    71.360971    70.697351    70.697351 
 9900000    381.99632   -144914.59   -143334.58    1009.9679    356670.37    71.356023    70.699803    70.699803 
10000000    380.44404   -144911.97   -143338.37    1367.8831    356670.37    71.350882    70.702349    70.702349 
10100000    377.21959   -144905.48   -143345.23    1339.9276    356670.37    71.345551    70.704991    70.704991 
10200000    382.89842   -144916.87   -143333.12    1184.4088    356670.37    71.340033    70.707725    70.707725 
10300000    376.93772   -144921.65   -143362.56    1166.5347    356670.37     71.33433    70.710552    70.710552 
10400000    381.01173   -144919.21   -143343.27    865.12581    356670.37    71.328444    70.713469    70.713469 
10500000     381.7369   -144909.46   -143330.53    1100.9857    356670.37    71.322378    70.716476    70.716476 
10600000    378.93993   -144896.48   -143329.11    1308.9431    356670.37    71.316134    70.719572    70.719572 
10700000    380.27057   -144909.37    -143336.5    1426.1372    356670.37    71.309716    70.722754    70.722754 
10800000    381.17769    -144918.8   -143342.17    1190.3296    356670.37    71.303126    70.726022    70.726022 
10900000    380.32993   -144900.48   -143327.36    1222.6942    356670.37    71.296367    70.729375    70.729375 
11000000    383.72314   -144915.17   -143328.01    980.25363    356670.37    71.289442     70.73281     70.73281 
11100000    381.96097   -144920.73   -143340.87    990.73995    356670.37    71.282354    70.736327    70.736327 
11200000    381.62949   -144915.66   -143337.16    893.14577    356670.37    71.275106    70.739923    70.739923 
11300000    377.38242   -144910.45   -143349.52    1253.3259    356670.37    71.267701    70.743598    70.743598 
11400000     380.1638   -144922.56   -143350.13     1158.659    356670.37    71.260143     70.74735     70.74735 
11500000    379.01509   -144919.38    -143351.7    1291.9326    356670.37    71.252435    70.751176    70.751176 
11600000    377.98592   -144918.44   -143355.02    1118.3605    356670.37     71.24458    70.755076    70.755076 
11700000    380.49455   -144929.46   -143355.66    1058.7553    356670.37    71.236581    70.759048    70.759048 
11800000    382.71264   -144913.28   -143330.31    1124.6197    356670.37    71.228443    70.763091    70.763091 
11900000    377.47671   -144920.17   -143358.86    834.66921    356670.37    71.220169    70.767201    70.767201 
12000000    380.28025   -144915.45   -143342.54    816.17237    356670.37    71.211762    70.771378    70.771378 
12100000     380.7656   -144911.43   -143336.51    1430.7994    356670.37    71.203226     70.77562     70.77562 
12200000     378.9121    -144912.5   -143345.24    1232.4376    356670.37    71.194565    70.779925    70.779925 
12300000    378.94443   -144911.96   -143344.57    994.20951    356670.37    71.185783    70.784291    70.784291 
