units           metal
boundary        p p p
atom_style      atomic
read_data      /HOME/hust_hbyu_1/Samples/Ni80P20_C20/dat/T350.dat
  orthogonal box = (-35.4374 -35.4374 -35.4374) to (35.4374 35.4374 35.4374)
  4 by 5 by 6 MPI processor grid
  reading atoms ...
  32000 atoms
  reading velocities ...
  32000 velocities
pair_style      eam/alloy
pair_coeff      * *   /HOME/hust_hbyu_1/Samples/Ni80P20_C20/dat/NiP.lammps.eam Ni P
mass            1  58.69
mass			2  30.97
neigh_modify    delay 5
timestep 0.01
thermo 100000
reset_timestep 0
thermo_style custom step temp pe etotal press vol lx ly lz
fix             1 all nvt temp 350 350 0.5
thermo_modify flush yes
fix dsf all deform 1 x  wiggle 0.5    300000.0   y volume z volume units box
fix ps1 all ave/time 1 1 300000 c_thermo_press[1] c_thermo_press[2]  c_thermo_press[3] c_thermo_press[4]  c_thermo_press[5] c_thermo_press[6]  file  YDMA350K-stress-300ns.txt
dump            1 all custom 10000000 YDMA350K-300ns.lammpstrj id type x y z
dump_modify 1 sort id
run 150000000
Neighbor list info ...
  1 neighbor list requests
  update every 1 steps, delay 5 steps, check yes
  master list distance cutoff = 8.5
  ghost atom cutoff = 8.5
Memory usage per processor = 3.51281 Mbytes
Step Temp PotEng TotEng Press Volume Lx Ly Lz 
       0    349.70261    -145127.3   -143680.86    523.94629    356019.54    70.874707    70.874707    70.874707 
  100000    349.81605   -145065.98   -143619.07    1601.1514    356019.54    70.885179    70.869472    70.869472 
  200000    351.34423   -145071.89   -143618.66      1758.33    356019.54    70.895645    70.864241    70.864241 
  300000    349.42919   -145051.91   -143606.61    1476.0596    356019.54    70.906103    70.859015    70.859015 
  400000    351.36153   -145068.31   -143615.01    1356.9487    356019.54    70.916546    70.853797    70.853797 
  500000     348.8154    -145070.8   -143628.03    1365.7762    356019.54    70.926972     70.84859     70.84859 
  600000    348.92209   -145072.66   -143629.45    1343.8906    356019.54    70.937374    70.843395    70.843395 
  700000    348.36161   -145070.63   -143629.73    1444.1377    356019.54    70.947749    70.838215    70.838215 
  800000    350.77237   -145063.07    -143612.2    1502.5312    356019.54    70.958092    70.833052    70.833052 
  900000    350.66125   -145070.64   -143620.23    1462.0676    356019.54    70.968398    70.827909    70.827909 
 1000000    349.01791   -145053.61      -143610    1750.4113    356019.54    70.978663    70.822787    70.822787 
 1100000    351.79257   -145081.62   -143626.54    962.40719    356019.54    70.988883    70.817689    70.817689 
 1200000    348.20106   -145050.61   -143610.39     1743.236    356019.54    70.999052    70.812617    70.812617 
 1300000    351.34783   -145066.98   -143613.74    1391.1957    356019.54    71.009167    70.807573    70.807573 
 1400000    353.11789   -145071.46    -143610.9    1103.1418    356019.54    71.019223     70.80256     70.80256 
 1500000    350.92613   -145071.77   -143620.27    1248.0988    356019.54    71.029216    70.797579    70.797579 
 1600000    351.46844   -145071.67   -143617.92    1297.0012    356019.54    71.039141    70.792634    70.792634 
 1700000    350.38855   -145058.05   -143608.78    1508.6211    356019.54    71.048993    70.787725    70.787725 
 1800000    352.63405   -145068.06    -143609.5    1801.0102    356019.54     71.05877    70.782855    70.782855 
 1900000    353.03224   -145071.65   -143611.44    1413.0262    356019.54    71.068465    70.778027    70.778027 
 2000000    350.68181   -145061.17   -143610.68    1633.8207    356019.54    71.078076    70.773242    70.773242 
 2100000    349.84318   -145058.99   -143611.97    1606.6945    356019.54    71.087597    70.768502    70.768502 
 2200000    348.16455   -145059.62   -143619.55    1668.3636    356019.54    71.097025     70.76381     70.76381 
 2300000    351.00207   -145058.85   -143607.04      1574.52    356019.54    71.106355    70.759167    70.759167 
 2400000    349.61451   -145068.35   -143622.28    1367.1478    356019.54    71.115584    70.754575    70.754575 
 2500000    348.83731   -145063.17   -143620.31    1440.1826    356019.54    71.124707    70.750037    70.750037 
 2600000    348.93268      -145068   -143624.74    1287.1011    356019.54    71.133721    70.745555    70.745555 
 2700000    350.80878    -145065.5   -143614.49    1478.9158    356019.54    71.142621    70.741129    70.741129 
 2800000    347.36498   -145070.81   -143634.05    1130.4742    356019.54    71.151403    70.736763    70.736763 
 2900000    348.83196   -145057.66   -143614.82    1559.5395    356019.54    71.160064    70.732458    70.732458 
 3000000    350.33812   -145051.81   -143602.74    1977.3223    356019.54      71.1686    70.728217    70.728217 
 3100000    350.26068    -145056.7   -143607.96    1539.7562    356019.54    71.177007     70.72404     70.72404 
 3200000    350.57662   -145071.49   -143621.44     1517.917    356019.54    71.185281    70.719929    70.719929 
 3300000    350.55968   -145055.97   -143605.99    1624.7713    356019.54    71.193419    70.715887    70.715887 
 3400000    351.06162   -145054.41   -143602.35    1409.6677    356019.54    71.201418    70.711915    70.711915 
 3500000    348.45719   -145069.99    -143628.7    1477.5314    356019.54    71.209273    70.708015    70.708015 
 3600000    351.59184   -145065.09   -143610.84    1485.1319    356019.54    71.216981    70.704188    70.704188 
 3700000    349.27524   -145063.58   -143618.91    1290.0662    356019.54    71.224539    70.700437    70.700437 
 3800000    353.86202   -145058.86   -143595.22    1709.5046    356019.54    71.231944    70.696762    70.696762 
 3900000    347.89153   -145064.24    -143625.3    1398.0271    356019.54    71.239192    70.693165    70.693165 
 4000000    348.87148   -145069.02   -143626.02    1425.1016    356019.54     71.24628    70.689649    70.689649 
 4100000    348.75375   -145068.67   -143626.16    1394.9456    356019.54    71.253205    70.686213    70.686213 
 4200000    347.69145   -145060.61   -143622.49    1388.4842    356019.54    71.259964    70.682861    70.682861 
 4300000     349.4851   -145058.22   -143612.68    1637.1132    356019.54    71.266554    70.679593    70.679593 
 4400000    350.49974   -145062.78   -143613.05    1370.7764    356019.54    71.272972     70.67641     70.67641 
 4500000    353.92353   -145062.42   -143598.53    1746.0642    356019.54    71.279216    70.673315    70.673315 
 4600000    350.11925   -145077.23   -143629.07    1090.3084    356019.54    71.285282    70.670308    70.670308 
 4700000    350.43698   -145064.98    -143615.5    1765.5511    356019.54    71.291168     70.66739     70.66739 
 4800000    351.65895      -145066   -143611.47     1449.723    356019.54    71.296871    70.664564    70.664564 
 4900000    349.90812   -145056.63   -143609.34    1665.2192    356019.54     71.30239    70.661829    70.661829 
 5000000    350.23061   -145066.26   -143617.64     1481.716    356019.54     71.30772    70.659188    70.659188 
 5100000    348.49496   -145070.14    -143628.7     1291.554    356019.54    71.312861    70.656641    70.656641 
 5200000    350.30916   -145058.57   -143609.63    1777.0033    356019.54    71.317809     70.65419     70.65419 
 5300000    350.67593   -145064.68   -143614.21    1793.7722    356019.54    71.322563    70.651835    70.651835 
 5400000    350.10003   -145068.86   -143620.78    1226.8077    356019.54    71.327121    70.649578    70.649578 
 5500000    351.10553   -145067.95   -143615.71    1556.5231    356019.54     71.33148    70.647419    70.647419 
 5600000      349.186   -145067.96   -143623.66    1197.1442    356019.54    71.335639     70.64536     70.64536 
 5700000    350.69078   -145073.02   -143622.49    1445.0679    356019.54    71.339596    70.643401    70.643401 
 5800000    350.92597   -145061.43   -143609.93    1565.9621    356019.54    71.343348    70.641543    70.641543 
 5900000    348.04977   -145062.35   -143622.74    1715.4724    356019.54    71.346896    70.639787    70.639787 
 6000000    349.65381   -145065.29   -143619.05    1308.2564    356019.54    71.350236    70.638133    70.638133 
 6100000    349.98402   -145065.68   -143618.08    1621.1269    356019.54    71.353367    70.636583    70.636583 
 6200000    349.58017   -145051.51   -143605.58    1965.8226    356019.54    71.356289    70.635137    70.635137 
 6300000    350.87382    -145057.9   -143606.62    1576.8239    356019.54    71.358999    70.633796    70.633796 
 6400000    351.38633   -145049.65   -143596.25    1946.6132    356019.54    71.361497    70.632559    70.632559 
 6500000    351.53895   -145061.92   -143607.89    1755.0316    356019.54    71.363781    70.631429    70.631429 
 6600000    350.50045   -145058.44    -143608.7    1509.3188    356019.54    71.365851    70.630405    70.630405 
 6700000    349.95321    -145074.7   -143627.23    1454.4473    356019.54    71.367705    70.629487    70.629487 
 6800000    352.26871   -145057.62   -143600.57    1762.4544    356019.54    71.369344    70.628676    70.628676 
 6900000    351.31041   -145071.43   -143618.34    1832.3072    356019.54    71.370765    70.627973    70.627973 
 7000000    351.87298      -145056   -143600.59    1534.1537    356019.54    71.371968    70.627378    70.627378 
 7100000    349.21296      -145066   -143621.59    1541.2863    356019.54    71.372954     70.62689     70.62689 
 7200000    348.37222   -145059.55   -143618.61    1634.4217    356019.54    71.373721    70.626511    70.626511 
 7300000    352.06124   -145056.58   -143600.39    1375.2641    356019.54    71.374269    70.626239    70.626239 
 7400000    349.19719   -145063.35   -143619.01    1609.7177    356019.54    71.374598    70.626077    70.626077 
 7500000    348.09951   -145070.09   -143630.28    1150.7901    356019.54    71.374707    70.626023    70.626023 
 7600000    349.48242   -145059.53      -143614    1735.2926    356019.54    71.374598    70.626077    70.626077 
 7700000    349.68185   -145061.01   -143614.66    1443.2494    356019.54    71.374269    70.626239    70.626239 
 7800000    348.51222   -145051.42    -143609.9    1866.6238    356019.54    71.373721    70.626511    70.626511 
 7900000    349.69538   -145064.96   -143618.55    1575.9012    356019.54    71.372954     70.62689     70.62689 
 8000000     350.7778   -145067.24   -143616.35    1643.1452    356019.54    71.371968    70.627378    70.627378 
 8100000    348.66255   -145049.28   -143607.14    1900.1195    356019.54    71.370765    70.627973    70.627973 
 8200000    352.35641   -145062.18   -143604.76    1845.7794    356019.54    71.369344    70.628676    70.628676 
 8300000     351.0174   -145071.93   -143620.05    1275.6407    356019.54    71.367705    70.629487    70.629487 
 8400000    351.13118   -145072.41   -143620.06    1303.3544    356019.54    71.365851    70.630405    70.630405 
 8500000    352.28614   -145065.64   -143608.52    1536.8268    356019.54    71.363781    70.631429    70.631429 
 8600000     350.2179   -145069.25   -143620.68    1272.9001    356019.54    71.361497    70.632559    70.632559 
 8700000    351.61688   -145058.12   -143603.77    1661.8244    356019.54    71.358999    70.633796    70.633796 
 8800000     347.0891   -145068.79   -143633.17    1628.3244    356019.54    71.356289    70.635137    70.635137 
 8900000        350.8   -145066.24   -143615.26    1480.6168    356019.54    71.353367    70.636583    70.636583 
 9000000    347.32885   -145058.27   -143621.65    1860.3726    356019.54    71.350236    70.638133    70.638133 
 9100000    350.36945   -145072.23   -143623.04    1396.5467    356019.54    71.346896    70.639787    70.639787 
 9200000    349.83282   -145067.67   -143620.69    1480.4719    356019.54    71.343348    70.641543    70.641543 
 9300000    346.15358   -145055.33   -143623.57    1765.3544    356019.54    71.339596    70.643401    70.643401 
 9400000      349.688   -145064.53   -143618.15    1708.4138    356019.54    71.335639     70.64536     70.64536 
 9500000    350.23539   -145062.43   -143613.79    1479.8358    356019.54     71.33148    70.647419    70.647419 
 9600000    348.19128   -145076.14   -143635.96    1087.0869    356019.54    71.327121    70.649578    70.649578 
 9700000    350.54625   -145066.73    -143616.8     1404.249    356019.54    71.322563    70.651835    70.651835 
 9800000    349.65181   -145053.27   -143607.04    1776.9162    356019.54    71.317809     70.65419     70.65419 
 9900000    352.89114   -145062.15   -143602.52    1495.5946    356019.54    71.312861    70.656641    70.656641 
10000000    351.40521   -145065.51   -143612.03    1513.4655    356019.54     71.30772    70.659188    70.659188 
10100000    352.36915    -145050.2   -143592.73    2008.8217    356019.54     71.30239    70.661829    70.661829 
10200000    350.19008   -145057.95    -143609.5    1720.9843    356019.54    71.296871    70.664564    70.664564 
10300000    348.76463   -145058.68   -143616.12    1461.2167    356019.54    71.291168     70.66739     70.66739 
10400000    348.38678   -145069.54   -143628.54     1703.696    356019.54    71.285282    70.670308    70.670308 
10500000    347.74328   -145061.87   -143623.54    1714.2953    356019.54    71.279216    70.673315    70.673315 
10600000    348.32825   -145061.27   -143620.52    1242.2488    356019.54    71.272972     70.67641     70.67641 
10700000    348.27364    -145068.9   -143628.37    1513.2484    356019.54    71.266554    70.679593    70.679593 
10800000    351.28325   -145060.51   -143607.54    1671.0323    356019.54    71.259964    70.682861    70.682861 
10900000    351.59759   -145063.05   -143608.78    1732.2242    356019.54    71.253205    70.686213    70.686213 
11000000    349.53524   -145061.08   -143615.33     1744.849    356019.54     71.24628    70.689649    70.689649 
11100000    352.77457   -145066.85   -143607.71    1149.7985    356019.54    71.239192    70.693165    70.693165 
11200000    348.48918   -145062.14   -143620.72    1530.8988    356019.54    71.231944    70.696762    70.696762 
11300000    349.64843   -145044.43   -143598.22    1859.1793    356019.54    71.224539    70.700437    70.700437 
11400000    348.91245      -145062   -143618.83     1767.676    356019.54    71.216981    70.704188    70.704188 
11500000     349.9672   -145069.41   -143621.88    1379.6208    356019.54    71.209273    70.708015    70.708015 
11600000    352.09119   -145066.92    -143610.6    1543.2604    356019.54    71.201418    70.711915    70.711915 
11700000    348.17405   -145071.43   -143631.31    1575.7212    356019.54    71.193419    70.715887    70.715887 
11800000    351.69651    -145064.1   -143609.42    1418.1009    356019.54    71.185281    70.719929    70.719929 
11900000    348.89387   -145071.87   -143628.78    1195.4419    356019.54    71.177007     70.72404     70.72404 
12000000    350.42518   -145066.49   -143617.06     1574.136    356019.54      71.1686    70.728217    70.728217 
12100000    350.65624   -145064.54   -143614.16    1700.2899    356019.54    71.160064    70.732458    70.732458 
12200000    349.88943   -145069.07   -143621.86    1635.6707    356019.54    71.151403    70.736763    70.736763 
12300000    351.28159   -145065.56   -143612.59    1405.6988    356019.54    71.142621    70.741129    70.741129 
12400000    350.82338   -145067.38   -143616.31    1555.3854    356019.54    71.133721    70.745555    70.745555 
12500000    349.01843   -145055.81   -143612.21    1659.8856    356019.54    71.124707    70.750037    70.750037 
12600000    348.31726   -145072.59   -143631.88    1634.2159    356019.54    71.115584    70.754575    70.754575 
12700000    350.87562   -145057.11   -143605.82    1734.0165    356019.54    71.106355    70.759167    70.759167 
12800000    349.09414   -145061.89   -143617.97    1491.3747    356019.54    71.097025     70.76381     70.76381 
12900000    350.55177   -145067.97   -143618.02    1426.7204    356019.54    71.087597    70.768502    70.768502 
13000000        350.3   -145060.99   -143612.08    1809.0073    356019.54    71.078076    70.773242    70.773242 
13100000    350.56802   -145075.73   -143625.71    1242.4614    356019.54    71.068465    70.778027    70.778027 
13200000    350.69153   -145065.44   -143614.91    1562.3683    356019.54     71.05877    70.782855    70.782855 
13300000    349.17854   -145053.59   -143609.32    1541.5359    356019.54    71.048993    70.787725    70.787725 
13400000    348.76934   -145057.34   -143614.76    1892.0738    356019.54    71.039141    70.792634    70.792634 
13500000    350.38159   -145071.14   -143621.89    1127.9776    356019.54    71.029216    70.797579    70.797579 
13600000    349.04027   -145065.19   -143621.49    1440.6004    356019.54    71.019223     70.80256     70.80256 
13700000    348.90092   -145057.24   -143614.12    1597.4503    356019.54    71.009167    70.807573    70.807573 
13800000    353.62041   -145065.88   -143603.24    1507.6426    356019.54    70.999052    70.812617    70.812617 
13900000    345.83573   -145062.84    -143632.4    1512.1405    356019.54    70.988883    70.817689    70.817689 
14000000    351.73336   -145062.76   -143607.92    1371.2648    356019.54    70.978663    70.822787    70.822787 
14100000    350.83075   -145062.59   -143611.49    1534.3129    356019.54    70.968398    70.827909    70.827909 
14200000    351.22976    -145063.4   -143610.65    1445.9515    356019.54    70.958092    70.833052    70.833052 
14300000    349.03852    -145071.9   -143628.21    1445.8503    356019.54    70.947749    70.838215    70.838215 
14400000    351.50573   -145057.76   -143603.86    1646.9059    356019.54    70.937374    70.843395    70.843395 
14500000    351.25671   -145070.57    -143617.7    1597.0335    356019.54    70.926972     70.84859     70.84859 
14600000    347.82752   -145056.59   -143617.91    1515.7328    356019.54    70.916546    70.853797    70.853797 
14700000    353.30333   -145068.33   -143606.99    1352.2026    356019.54    70.906103    70.859015    70.859015 
14800000    349.87586   -145064.47   -143617.32    1776.8347    356019.54    70.895645    70.864241    70.864241 
14900000    348.97474   -145068.86   -143625.44     1609.375    356019.54    70.885179    70.869472    70.869472 
15000000    349.53757   -145067.36   -143621.61    1549.4126    356019.54    70.874707    70.874707    70.874707 
15100000    350.00417    -145065.7   -143618.02    1297.9278    356019.54    70.864236    70.879944    70.879944 
15200000    352.84854   -145070.69   -143611.24    1379.2055    356019.54     70.85377    70.885179    70.885179 
15300000    348.20864   -145068.33   -143628.07    1563.3845    356019.54    70.843312     70.89041     70.89041 
15400000    348.98831   -145068.53   -143625.05    1292.4494    356019.54    70.832869    70.895636    70.895636 
15500000    349.77777   -145066.08   -143619.33    1540.8279    356019.54    70.822443    70.900854    70.900854 
15600000    350.71322    -145059.1   -143608.49     1642.956    356019.54    70.812041    70.906062    70.906062 
15700000     351.9872   -145076.36   -143620.47    1485.8711    356019.54    70.801666    70.911256    70.911256 
15800000    347.50714   -145065.73   -143628.38    1480.2223    356019.54    70.791323    70.916436    70.916436 
15900000    351.36992   -145065.57   -143612.24    1535.7401    356019.54    70.781017    70.921599    70.921599 
16000000    349.33951   -145072.23   -143627.29    1549.9024    356019.54    70.770752    70.926743    70.926743 
16100000     348.4945   -145060.14    -143618.7    1737.0866    356019.54    70.760532    70.931864    70.931864 
16200000    350.87613   -145056.52   -143605.23    1720.4317    356019.54    70.750363    70.936962    70.936962 
16300000    349.74888   -145068.87   -143622.24    1658.4564    356019.54    70.740248    70.942033    70.942033 
16400000    347.98877   -145068.21   -143628.86    1744.7339    356019.54    70.730192    70.947076    70.947076 
16500000    348.57676   -145061.64   -143619.86    1578.3687    356019.54    70.720199    70.952088    70.952088 
16600000    347.20556   -145055.03   -143618.92    1816.1817    356019.54    70.710274    70.957067    70.957067 
16700000    348.54221   -145072.25   -143630.61    1184.2985    356019.54    70.700421    70.962012    70.962012 
16800000    352.99727   -145066.35   -143606.28    1856.2591    356019.54    70.690645    70.966918    70.966918 
16900000    350.18942   -145057.79   -143609.34     1720.969    356019.54     70.68095    70.971785    70.971785 
17000000    349.48913   -145053.36    -143607.8    1979.6472    356019.54    70.671339    70.976611    70.976611 
17100000    349.77755   -145065.33   -143618.58    1455.1624    356019.54    70.661818    70.981393    70.981393 
17200000    350.59568   -145071.86   -143621.73    1430.5356    356019.54     70.65239    70.986128    70.986128 
17300000    353.71483   -145075.29   -143612.26     1372.147    356019.54    70.643059    70.990816    70.990816 
17400000    350.70185   -145050.48   -143599.91    1874.3308    356019.54    70.633831    70.995454    70.995454 
17500000    351.99506    -145056.4   -143600.48    1672.9112    356019.54    70.624707    71.000039    71.000039 
17600000    346.52114   -145059.23   -143625.95    1665.1405    356019.54    70.615694     71.00457     71.00457 
17700000    349.28653   -145048.17   -143603.45    1851.0176    356019.54    70.606794    71.009045    71.009045 
17800000    351.65477   -145064.95   -143610.43    1745.7199    356019.54    70.598012    71.013462    71.013462 
17900000     350.9466   -145064.13   -143612.55    1413.8964    356019.54    70.589351    71.017818    71.017818 
18000000    349.33218   -145064.86   -143619.95    1664.9707    356019.54    70.580815    71.022112    71.022112 
18100000     351.3922   -145071.54   -143618.11    1424.9985    356019.54    70.572408    71.026343    71.026343 
18200000    349.78611   -145067.85   -143621.07    1508.4606    356019.54    70.564134    71.030507    71.030507 
18300000    350.74929   -145066.62   -143615.85     1493.324    356019.54    70.555995    71.034603    71.034603 
18400000     351.6413   -145050.39   -143595.93    1913.7204    356019.54    70.547997     71.03863     71.03863 
18500000    351.37647   -145065.32   -143611.96    1561.4594    356019.54    70.540142    71.042585    71.042585 
18600000    352.67075   -145077.32    -143618.6    1399.9103    356019.54    70.532434    71.046467    71.046467 
18700000    349.24524   -145057.74    -143613.2    1634.3186    356019.54    70.524876    71.050274    71.050274 
18800000     351.6635   -145049.86   -143595.32    1819.1566    356019.54    70.517471    71.054004    71.054004 
18900000    350.53278   -145061.88      -143612     1519.959    356019.54    70.510223    71.057656    71.057656 
19000000    351.19954   -145070.18   -143617.55    1524.1258    356019.54    70.503135    71.061227    71.061227 
19100000    351.42332   -145062.54   -143608.99    1832.7742    356019.54     70.49621    71.064718    71.064718 
19200000     349.5237   -145060.03   -143614.33    1350.1362    356019.54    70.489451    71.068125    71.068125 
19300000     352.1501   -145063.57   -143607.01    1410.5607    356019.54    70.482861    71.071447    71.071447 
19400000    348.05389   -145062.23   -143622.61     1829.951    356019.54    70.476443    71.074683    71.074683 
19500000    350.11395    -145063.5   -143615.36    1750.1355    356019.54    70.470199    71.077832    71.077832 
19600000    349.56251   -145064.25   -143618.39    1359.1009    356019.54    70.464133    71.080891    71.080891 
19700000    350.78797   -145060.93      -143610    1588.5366    356019.54    70.458247     71.08386     71.08386 
19800000    350.40769   -145058.34   -143608.98    1529.1419    356019.54    70.452544    71.086737    71.086737 
19900000    348.63989   -145063.92   -143621.88    1349.7131    356019.54    70.447025    71.089521    71.089521 
20000000    350.82436   -145063.97    -143612.9    1461.2105    356019.54    70.441695    71.092211    71.092211 
20100000    350.76806   -145050.68   -143599.83    1683.4491    356019.54    70.436554    71.094805    71.094805 
20200000    351.95923    -145060.4   -143604.63    1420.6294    356019.54    70.431606    71.097303    71.097303 
20300000    351.42337   -145063.98   -143610.42    1343.4481    356019.54    70.426852    71.099702    71.099702 
20400000    350.29168   -145075.28   -143626.41    1522.7096    356019.54    70.422294    71.102003    71.102003 
20500000     349.9274   -145058.14   -143610.78    1436.8151    356019.54    70.417935    71.104204    71.104204 
20600000    351.15563   -145055.44   -143602.99     1719.761    356019.54    70.413776    71.106304    71.106304 
20700000    348.72685   -145066.67   -143624.27    1272.7778    356019.54    70.409819    71.108301    71.108301 
20800000    349.21117   -145064.26   -143619.86    1458.5909    356019.54    70.406066    71.110196    71.110196 
20900000    351.75384   -145059.04   -143604.12    1627.7081    356019.54    70.402519    71.111988    71.111988 
21000000    349.09781   -145062.21   -143618.27     1447.673    356019.54    70.399179    71.113675    71.113675 
21100000    351.71903   -145080.79   -143626.01    1261.1729    356019.54    70.396048    71.115256    71.115256 
21200000    351.39387   -145059.52   -143606.08    1768.5398    356019.54    70.393126    71.116732    71.116732 
21300000    348.44091   -145065.82    -143624.6    1665.4307    356019.54    70.390416    71.118101    71.118101 
21400000    349.54302   -145060.16   -143614.38    1917.8446    356019.54    70.387918    71.119363    71.119363 
21500000    354.18375   -145067.26   -143602.29    1409.0282    356019.54    70.385634    71.120517    71.120517 
21600000    349.25759   -145075.92   -143631.32    1426.8336    356019.54    70.383564    71.121563    71.121563 
21700000      351.987   -145056.96   -143601.07    1746.1649    356019.54    70.381709      71.1225      71.1225 
21800000    351.84327   -145077.61   -143622.32    1468.9009    356019.54    70.380071    71.123328    71.123328 
21900000    348.02757   -145054.51      -143615     1889.579    356019.54     70.37865    71.124046    71.124046 
22000000    353.34266   -145057.33   -143595.84    1722.1874    356019.54    70.377447    71.124654    71.124654 
22100000    352.07637   -145061.07   -143604.81    1785.8376    356019.54    70.376461    71.125152    71.125152 
22200000    352.50365   -145050.84   -143592.82     1564.519    356019.54    70.375694    71.125539    71.125539 
22300000    347.65695   -145062.29   -143624.31    1634.9069    356019.54    70.375146    71.125816    71.125816 
22400000    348.38846   -145060.39   -143619.39     1736.143    356019.54    70.374817    71.125983    71.125983 
22500000    350.50037    -145060.7   -143610.96    1342.3508    356019.54    70.374707    71.126038    71.126038 
22600000    350.72627   -145065.39   -143614.72    1542.7127    356019.54    70.374817    71.125983    71.125983 
22700000    346.85143   -145064.44   -143629.79    1755.2693    356019.54    70.375146    71.125816    71.125816 
22800000    350.70026   -145063.95   -143613.39    1644.0675    356019.54    70.375694    71.125539    71.125539 
22900000     348.2834   -145068.33   -143627.76    1304.4367    356019.54    70.376461    71.125152    71.125152 
23000000    349.59679   -145059.12   -143613.12    1658.6664    356019.54    70.377447    71.124654    71.124654 
23100000    349.40111   -145062.75   -143617.56    1511.1825    356019.54     70.37865    71.124046    71.124046 
23200000    348.25394   -145068.08   -143627.64    1504.3338    356019.54    70.380071    71.123328    71.123328 
23300000    346.88595   -145063.62   -143628.83    1507.7931    356019.54    70.381709      71.1225      71.1225 
23400000    348.85518   -145057.73    -143614.8    1664.6529    356019.54    70.383564    71.121563    71.121563 
23500000    350.63523   -145066.34   -143616.04    1660.0589    356019.54    70.385634    71.120517    71.120517 
23600000     348.3074   -145057.63   -143616.97    1720.1299    356019.54    70.387918    71.119363    71.119363 
23700000    350.71536   -145076.58   -143625.95    1325.7618    356019.54    70.390416    71.118101    71.118101 
23800000    349.20121   -145067.48   -143623.12    1508.3273    356019.54    70.393126    71.116732    71.116732 
23900000    350.00096   -145054.81   -143607.14    2063.1061    356019.54    70.396048    71.115256    71.115256 
24000000    351.23804   -145051.92   -143599.13    1762.0133    356019.54    70.399179    71.113675    71.113675 
24100000    350.80544   -145056.42   -143605.42    1945.2324    356019.54    70.402519    71.111988    71.111988 
24200000    349.47616   -145060.71   -143615.21    1728.5539    356019.54    70.406066    71.110196    71.110196 
24300000    349.29298   -145073.73   -143628.99    1570.3747    356019.54    70.409819    71.108301    71.108301 
24400000    350.18167   -145067.18   -143618.76    1457.2345    356019.54    70.413776    71.106304    71.106304 
24500000    351.10659   -145077.48   -143625.23    1393.1629    356019.54    70.417935    71.104204    71.104204 
24600000    349.05119   -145048.48   -143604.74    1890.2247    356019.54    70.422294    71.102003    71.102003 
24700000    350.41096   -145069.31   -143619.94    1675.4653    356019.54    70.426852    71.099702    71.099702 
24800000    352.34585   -145066.44   -143609.07    1572.7277    356019.54    70.431606    71.097303    71.097303 
24900000    351.06236   -145058.52   -143606.46     1495.766    356019.54    70.436554    71.094805    71.094805 
25000000    350.48545    -145051.7   -143602.02    2024.5995    356019.54    70.441695    71.092211    71.092211 
25100000    350.11723   -145050.85    -143602.7    1903.9107    356019.54    70.447025    71.089521    71.089521 
25200000    350.63802   -145064.77   -143614.46    1567.2814    356019.54    70.452544    71.086737    71.086737 
25300000    348.24237   -145057.78   -143617.38    1731.4938    356019.54    70.458247     71.08386     71.08386 
25400000    351.86965   -145069.85   -143614.45    1359.5613    356019.54    70.464133    71.080891    71.080891 
25500000    350.73953   -145065.17   -143614.45    1713.5713    356019.54    70.470199    71.077832    71.077832 
25600000    348.87816   -145060.57   -143617.55    1741.1671    356019.54    70.476443    71.074683    71.074683 
25700000    349.41727   -145074.67   -143629.41    1459.1833    356019.54    70.482861    71.071447    71.071447 
25800000    350.30155    -145066.7   -143617.79    1541.6782    356019.54    70.489451    71.068125    71.068125 
25900000    349.90671      -145063   -143615.72     1708.112    356019.54     70.49621    71.064718    71.064718 
26000000    347.78295   -145055.52   -143617.02     1786.554    356019.54    70.503135    71.061227    71.061227 
26100000    350.63547   -145063.62   -143613.32      1767.54    356019.54    70.510223    71.057656    71.057656 
26200000    348.50494   -145072.16   -143630.67    1320.7443    356019.54    70.517471    71.054004    71.054004 
26300000     351.2576   -145062.13   -143609.26    1526.4092    356019.54    70.524876    71.050274    71.050274 
26400000    348.07697   -145066.32   -143626.61    1523.7058    356019.54    70.532434    71.046467    71.046467 
26500000    350.82026   -145063.87   -143612.81    1565.4989    356019.54    70.540142    71.042585    71.042585 
26600000    348.81928   -145068.66   -143625.88    1443.6298    356019.54    70.547997     71.03863     71.03863 
26700000    348.99621   -145067.52      -143624    1505.8134    356019.54    70.555995    71.034603    71.034603 
26800000    352.05101   -145064.04   -143607.89    1695.7899    356019.54    70.564134    71.030507    71.030507 
26900000    347.66734   -145063.23   -143625.21    1581.1897    356019.54    70.572408    71.026343    71.026343 
27000000    351.17161   -145062.99   -143610.48    1790.6079    356019.54    70.580815    71.022112    71.022112 
27100000    348.91223   -145062.67    -143619.5    1691.9783    356019.54    70.589351    71.017818    71.017818 
27200000    348.04542   -145078.29   -143638.71    1059.0676    356019.54    70.598012    71.013462    71.013462 
27300000    349.01678   -145070.41    -143626.8    1641.6834    356019.54    70.606794    71.009045    71.009045 
27400000    349.71809   -145069.45   -143622.95    1447.5494    356019.54    70.615694     71.00457     71.00457 
27500000     351.8275   -145061.84   -143606.61    1668.8004    356019.54    70.624707    71.000039    71.000039 
27600000    348.27655      -145060   -143619.46    1607.1891    356019.54    70.633831    70.995454    70.995454 
27700000    347.92314   -145054.58    -143615.5    1936.5817    356019.54    70.643059    70.990816    70.990816 
27800000    349.60021   -145066.56   -143620.55    1390.8248    356019.54     70.65239    70.986128    70.986128 
27900000    350.84931   -145063.74   -143612.56    1217.2937    356019.54    70.661818    70.981393    70.981393 
28000000    350.10431   -145064.08   -143615.98    1745.2547    356019.54    70.671339    70.976611    70.976611 
28100000    352.43492   -145067.93   -143610.19    1409.8328    356019.54     70.68095    70.971785    70.971785 
28200000    348.24266   -145066.95   -143626.55    1381.6764    356019.54    70.690645    70.966918    70.966918 
28300000    347.86375   -145056.84   -143618.01    1642.3459    356019.54    70.700421    70.962012    70.962012 
28400000    350.58242   -145061.55   -143611.47     1406.477    356019.54    70.710274    70.957067    70.957067 
28500000    351.66825   -145062.68   -143608.11    1807.0476    356019.54    70.720199    70.952088    70.952088 
28600000     349.3597   -145071.07   -143626.05    1570.9923    356019.54    70.730192    70.947076    70.947076 
28700000    351.37347   -145066.33   -143612.98    1503.9028    356019.54    70.740248    70.942033    70.942033 
28800000    346.48694   -145077.81   -143644.67    1167.5851    356019.54    70.750363    70.936962    70.936962 
28900000    348.56415   -145067.81   -143626.08    1506.5878    356019.54    70.760532    70.931864    70.931864 
29000000    350.49066   -145076.05   -143626.35    1358.8486    356019.54    70.770752    70.926743    70.926743 
29100000    346.55346   -145061.91    -143628.5    1513.1791    356019.54    70.781017    70.921599    70.921599 
29200000    350.38124   -145070.03   -143620.79    1527.0856    356019.54    70.791323    70.916436    70.916436 
29300000    350.45259   -145075.01   -143625.47    1167.3386    356019.54    70.801666    70.911256    70.911256 
29400000    350.87148   -145071.38   -143620.11    1402.1068    356019.54    70.812041    70.906062    70.906062 
29500000    349.62387   -145076.16   -143630.05    1230.5712    356019.54    70.822443    70.900854    70.900854 
29600000    350.31205   -145060.41   -143611.46    1530.9262    356019.54    70.832869    70.895636    70.895636 
29700000    349.39144   -145072.99   -143627.84    1537.5998    356019.54    70.843312     70.89041     70.89041 
29800000    348.77206   -145074.29   -143631.71    1214.1781    356019.54     70.85377    70.885179    70.885179 
29900000    348.29686    -145061.8   -143621.18     1831.376    356019.54    70.864236    70.879944    70.879944 
30000000    348.32991   -145076.48   -143635.72    1255.5997    356019.54    70.874707    70.874707    70.874707 
30100000    351.22275   -145071.91   -143619.18    1285.2422    356019.54    70.885179    70.869472    70.869472 
30200000    348.35871   -145066.95   -143626.07    1461.1722    356019.54    70.895645    70.864241    70.864241 
30300000    347.72791   -145061.62   -143623.35    1502.8481    356019.54    70.906103    70.859015    70.859015 
30400000    349.77901   -145077.24   -143630.48    1304.1511    356019.54    70.916546    70.853797    70.853797 
30500000     349.1073   -145055.48    -143611.5    1814.6183    356019.54    70.926972     70.84859     70.84859 
30600000    348.39327   -145072.99   -143631.97    1515.9812    356019.54    70.937374    70.843395    70.843395 
30700000    352.05259   -145062.04   -143605.89    1241.9057    356019.54    70.947749    70.838215    70.838215 
30800000    351.16219   -145064.65   -143612.17    1582.7875    356019.54    70.958092    70.833052    70.833052 
30900000    347.92806   -145066.08   -143626.98    1623.7598    356019.54    70.968398    70.827909    70.827909 
31000000    350.59225   -145055.68   -143605.56    1734.0342    356019.54    70.978663    70.822787    70.822787 
31100000    350.12385    -145079.8   -143631.62    1186.0451    356019.54    70.988883    70.817689    70.817689 
31200000    347.93164   -145057.34   -143618.23    1599.4402    356019.54    70.999052    70.812617    70.812617 
31300000    351.72318   -145072.48   -143617.68    1716.2858    356019.54    71.009167    70.807573    70.807573 
31400000    347.55889   -145057.23   -143619.66    1665.4915    356019.54    71.019223     70.80256     70.80256 
31500000    349.17706   -145062.26      -143618    1642.6289    356019.54    71.029216    70.797579    70.797579 
31600000      350.381   -145069.23   -143619.99    1498.0073    356019.54    71.039141    70.792634    70.792634 
31700000    350.46316   -145073.94   -143624.36    1385.1497    356019.54    71.048993    70.787725    70.787725 
31800000    349.69069   -145064.62   -143618.23    1316.9389    356019.54     71.05877    70.782855    70.782855 
31900000    349.19741    -145067.8   -143623.45     1298.774    356019.54    71.068465    70.778027    70.778027 
32000000    350.44055   -145057.03   -143607.54    1729.4688    356019.54    71.078076    70.773242    70.773242 
32100000    351.29217   -145069.34   -143616.32    1608.5225    356019.54    71.087597    70.768502    70.768502 
32200000    348.85944   -145057.34   -143614.39     1817.113    356019.54    71.097025     70.76381     70.76381 
32300000    350.60152   -145070.61   -143620.46    1331.4258    356019.54    71.106355    70.759167    70.759167 
32400000    349.65253   -145063.13    -143616.9    1518.0618    356019.54    71.115584    70.754575    70.754575 
32500000    348.24739   -145067.05   -143626.63    1333.0121    356019.54    71.124707    70.750037    70.750037 
32600000    350.18616   -145065.27   -143616.84    1622.9135    356019.54    71.133721    70.745555    70.745555 
32700000     351.8801   -145070.68   -143615.24    1370.5595    356019.54    71.142621    70.741129    70.741129 
32800000    350.94353   -145064.95   -143613.38    1542.5223    356019.54    71.151403    70.736763    70.736763 
32900000    349.43757   -145075.48   -143630.14    1511.4084    356019.54    71.160064    70.732458    70.732458 
33000000    351.11084   -145051.68   -143599.41    1699.3948    356019.54      71.1686    70.728217    70.728217 
33100000    351.34612   -145069.68   -143616.45    1479.3133    356019.54    71.177007     70.72404     70.72404 
33200000    350.68122   -145071.76   -143621.28    1462.2868    356019.54    71.185281    70.719929    70.719929 
33300000    348.40776    -145072.6   -143631.52    1467.2774    356019.54    71.193419    70.715887    70.715887 
33400000    350.95513   -145059.15   -143607.53     1289.621    356019.54    71.201418    70.711915    70.711915 
33500000    351.63707    -145069.6   -143615.16    1461.3099    356019.54    71.209273    70.708015    70.708015 
33600000    351.05313   -145055.25   -143603.23    1809.7902    356019.54    71.216981    70.704188    70.704188 
33700000    349.75298   -145060.91   -143614.26    1598.9744    356019.54    71.224539    70.700437    70.700437 
33800000     347.9852   -145051.76   -143612.42    1697.3917    356019.54    71.231944    70.696762    70.696762 
33900000    347.50552   -145057.97   -143620.62    1667.9463    356019.54    71.239192    70.693165    70.693165 
34000000    351.98978   -145059.52   -143603.62    1869.4238    356019.54     71.24628    70.689649    70.689649 
34100000    346.63506    -145059.9   -143626.15    1394.8455    356019.54    71.253205    70.686213    70.686213 
34200000    350.27652   -145053.77   -143604.96    1582.9217    356019.54    71.259964    70.682861    70.682861 
34300000    353.65239    -145079.6   -143616.83    1201.3567    356019.54    71.266554    70.679593    70.679593 
34400000    348.80454   -145054.09   -143611.37    1396.5049    356019.54    71.272972     70.67641     70.67641 
34500000    348.59256   -145061.68   -143619.83    1491.2303    356019.54    71.279216    70.673315    70.673315 
34600000    348.03151   -145065.18   -143625.65    1699.2226    356019.54    71.285282    70.670308    70.670308 
34700000    350.99622    -145058.9   -143607.11    1829.3687    356019.54    71.291168     70.66739     70.66739 
34800000    349.93887   -145068.79   -143621.38    1402.8193    356019.54    71.296871    70.664564    70.664564 
34900000    351.61741   -145068.38   -143614.02    1674.2247    356019.54     71.30239    70.661829    70.661829 
35000000    350.47183   -145055.22    -143605.6    1797.6603    356019.54     71.30772    70.659188    70.659188 
35100000    350.63336   -145069.77   -143619.48    1327.1756    356019.54    71.312861    70.656641    70.656641 
35200000    351.27058   -145067.93   -143615.01    1518.1173    356019.54    71.317809     70.65419     70.65419 
35300000    350.61364   -145061.29   -143611.08    1687.0012    356019.54    71.322563    70.651835    70.651835 
35400000    349.26757   -145059.41   -143614.77     1807.008    356019.54    71.327121    70.649578    70.649578 
35500000    350.26938   -145064.29    -143615.5     1336.164    356019.54     71.33148    70.647419    70.647419 
35600000    348.71721    -145060.2   -143617.84     1651.948    356019.54    71.335639     70.64536     70.64536 
35700000    349.71512   -145060.26   -143613.77    1649.8771    356019.54    71.339596    70.643401    70.643401 
35800000    348.61871   -145074.13   -143632.17      1510.11    356019.54    71.343348    70.641543    70.641543 
35900000    350.57296   -145059.19   -143609.15    1386.8909    356019.54    71.346896    70.639787    70.639787 
36000000    349.69042    -145068.8   -143622.41    1519.5385    356019.54    71.350236    70.638133    70.638133 
36100000    348.18554   -145064.48   -143624.32    1593.3385    356019.54    71.353367    70.636583    70.636583 
36200000    350.95965   -145058.19   -143606.56    1803.5567    356019.54    71.356289    70.635137    70.635137 
36300000    352.40426   -145057.45   -143599.84    1479.9184    356019.54    71.358999    70.633796    70.633796 
36400000    352.46693   -145059.57    -143601.7    1630.8814    356019.54    71.361497    70.632559    70.632559 
36500000    352.11196   -145056.79   -143600.38    2026.9918    356019.54    71.363781    70.631429    70.631429 
36600000    351.61477   -145069.14    -143614.8    1436.7893    356019.54    71.365851    70.630405    70.630405 
36700000     349.1774   -145065.82   -143621.55    1679.9413    356019.54    71.367705    70.629487    70.629487 
36800000    350.43375   -145050.52   -143601.06    1643.8167    356019.54    71.369344    70.628676    70.628676 
36900000    347.22488   -145049.39    -143613.2      2065.73    356019.54    71.370765    70.627973    70.627973 
37000000    350.92554   -145055.64   -143604.15     1914.908    356019.54    71.371968    70.627378    70.627378 
37100000    350.37025   -145061.47   -143612.27    1661.4688    356019.54    71.372954     70.62689     70.62689 
37200000    351.56851   -145059.65   -143605.49    1680.8188    356019.54    71.373721    70.626511    70.626511 
37300000    351.03631   -145051.05    -143599.1    1865.7235    356019.54    71.374269    70.626239    70.626239 
37400000    349.17732   -145057.75   -143613.48    1469.7649    356019.54    71.374598    70.626077    70.626077 
37500000    349.28861   -145063.28   -143618.55    1640.8949    356019.54    71.374707    70.626023    70.626023 
37600000    350.01888   -145055.51   -143607.77    1983.0451    356019.54    71.374598    70.626077    70.626077 
37700000     348.4693   -145057.84    -143616.5    1720.4949    356019.54    71.374269    70.626239    70.626239 
37800000    348.79052   -145071.01   -143628.34    1477.7032    356019.54    71.373721    70.626511    70.626511 
37900000    349.87949   -145070.73   -143623.56     1468.113    356019.54    71.372954     70.62689     70.62689 
38000000    347.84176   -145058.31   -143619.57    1784.0485    356019.54    71.371968    70.627378    70.627378 
38100000    349.98606   -145050.58   -143602.97    1728.6752    356019.54    71.370765    70.627973    70.627973 
38200000    350.18676   -145056.02   -143607.58    1709.3274    356019.54    71.369344    70.628676    70.628676 
38300000    351.37145   -145065.07   -143611.73     1807.019    356019.54    71.367705    70.629487    70.629487 
38400000    349.30917      -145048   -143603.19    1637.5869    356019.54    71.365851    70.630405    70.630405 
38500000    351.18313   -145059.18   -143606.62    1491.8997    356019.54    71.363781    70.631429    70.631429 
38600000    349.57082   -145054.48   -143608.59     2059.247    356019.54    71.361497    70.632559    70.632559 
38700000    350.25629   -145060.06   -143611.33    1641.2742    356019.54    71.358999    70.633796    70.633796 
38800000    349.35102   -145061.32   -143616.33    1479.9895    356019.54    71.356289    70.635137    70.635137 
38900000    349.98324   -145057.37   -143609.77    1620.3054    356019.54    71.353367    70.636583    70.636583 
39000000    351.42217   -145062.68   -143609.13    1546.3561    356019.54    71.350236    70.638133    70.638133 
39100000    350.28575   -145067.37   -143618.52    1470.3988    356019.54    71.346896    70.639787    70.639787 
39200000    350.67522   -145071.42   -143620.96    1232.2373    356019.54    71.343348    70.641543    70.641543 
39300000    349.96244   -145054.84   -143607.33    1689.4211    356019.54    71.339596    70.643401    70.643401 
39400000    351.61884    -145053.8   -143599.44    1594.0427    356019.54    71.335639     70.64536     70.64536 
39500000     349.0004   -145052.69   -143609.16    1773.9792    356019.54     71.33148    70.647419    70.647419 
39600000    350.13663   -145050.09   -143601.86    1722.1338    356019.54    71.327121    70.649578    70.649578 
39700000    347.94571   -145063.31   -143624.14    1599.7211    356019.54    71.322563    70.651835    70.651835 
39800000    350.81517   -145055.92   -143604.88    1572.7135    356019.54    71.317809     70.65419     70.65419 
39900000    350.26308   -145070.21   -143621.45    1299.8846    356019.54    71.312861    70.656641    70.656641 
40000000    349.54768   -145057.95   -143612.16    1580.0716    356019.54     71.30772    70.659188    70.659188 
40100000    350.21712   -145052.19   -143603.62    1823.9759    356019.54     71.30239    70.661829    70.661829 
40200000    348.37852    -145068.2   -143627.23    1431.0958    356019.54    71.296871    70.664564    70.664564 
40300000      350.907   -145060.68   -143609.26    1431.9208    356019.54    71.291168     70.66739     70.66739 
40400000    351.06323    -145063.2   -143611.14    1472.1793    356019.54    71.285282    70.670308    70.670308 
40500000    349.81488   -145060.67   -143613.77     1724.413    356019.54    71.279216    70.673315    70.673315 
40600000    352.29165   -145056.98   -143599.83    1588.6337    356019.54    71.272972     70.67641     70.67641 
40700000    346.76304   -145069.39   -143635.11    1341.0977    356019.54    71.266554    70.679593    70.679593 
40800000    351.15003   -145066.68   -143614.26    1523.0614    356019.54    71.259964    70.682861    70.682861 
40900000    349.65354    -145067.8   -143621.56    1494.2834    356019.54    71.253205    70.686213    70.686213 
41000000    350.67615   -145063.73   -143613.27    1322.4967    356019.54     71.24628    70.689649    70.689649 
41100000    350.20837   -145054.84   -143606.31    1742.5262    356019.54    71.239192    70.693165    70.693165 
41200000    350.93843   -145063.49   -143611.94    1648.5556    356019.54    71.231944    70.696762    70.696762 
41300000    349.78838   -145055.72   -143608.93     1321.281    356019.54    71.224539    70.700437    70.700437 
41400000    349.90343   -145070.55   -143623.28     1555.755    356019.54    71.216981    70.704188    70.704188 
41500000    351.14719   -145060.33   -143607.92    1532.4938    356019.54    71.209273    70.708015    70.708015 
41600000    349.89242   -145069.66   -143622.44    1376.0737    356019.54    71.201418    70.711915    70.711915 
41700000    350.65052   -145054.73   -143604.38    1486.1558    356019.54    71.193419    70.715887    70.715887 
41800000    350.14257   -145055.45   -143607.19    2127.0513    356019.54    71.185281    70.719929    70.719929 
41900000    348.34671   -145063.95   -143623.12     1524.054    356019.54    71.177007     70.72404     70.72404 
42000000    348.30116   -145061.42   -143620.78    1673.8518    356019.54      71.1686    70.728217    70.728217 
42100000    347.22463   -145062.09   -143625.91    1627.0124    356019.54    71.160064    70.732458    70.732458 
42200000    348.53842   -145053.78   -143612.15    1734.0729    356019.54    71.151403    70.736763    70.736763 
42300000    348.58677   -145064.13   -143622.31    1665.0036    356019.54    71.142621    70.741129    70.741129 
42400000    350.12133   -145052.98   -143604.81    1851.6723    356019.54    71.133721    70.745555    70.745555 
42500000    350.91399   -145063.24   -143611.79     1528.968    356019.54    71.124707    70.750037    70.750037 
42600000    351.15739   -145066.73   -143614.27     1322.139    356019.54    71.115584    70.754575    70.754575 
42700000     350.4823   -145068.53   -143618.87    1396.6336    356019.54    71.106355    70.759167    70.759167 
42800000    348.77625   -145061.89   -143619.28    1707.5766    356019.54    71.097025     70.76381     70.76381 
42900000    352.57175   -145057.08   -143598.77    1885.8576    356019.54    71.087597    70.768502    70.768502 
43000000    351.77242   -145060.23   -143605.24    1646.4208    356019.54    71.078076    70.773242    70.773242 
43100000    351.85171   -145066.52   -143611.19    1621.8384    356019.54    71.068465    70.778027    70.778027 
43200000    350.75593   -145050.78   -143599.98    1637.2929    356019.54     71.05877    70.782855    70.782855 
43300000    350.50398   -145059.26   -143609.51    1704.3282    356019.54    71.048993    70.787725    70.787725 
43400000    350.13465   -145055.11   -143606.88    1769.4736    356019.54    71.039141    70.792634    70.792634 
43500000    347.52435   -145065.82   -143628.39     1510.685    356019.54    71.029216    70.797579    70.797579 
43600000    351.04294   -145078.72   -143626.74    1357.3131    356019.54    71.019223     70.80256     70.80256 
43700000    349.15857   -145063.33   -143619.15    1600.8005    356019.54    71.009167    70.807573    70.807573 
43800000     352.0368   -145067.24   -143611.14    1619.6503    356019.54    70.999052    70.812617    70.812617 
43900000    350.86101   -145076.81   -143625.58    1465.2918    356019.54    70.988883    70.817689    70.817689 
44000000     349.8852   -145066.72   -143619.52    1650.8051    356019.54    70.978663    70.822787    70.822787 
44100000     348.5117    -145069.9   -143628.39    1371.1117    356019.54    70.968398    70.827909    70.827909 
44200000    351.82507   -145067.39   -143612.18    1526.2292    356019.54    70.958092    70.833052    70.833052 
44300000    348.40526   -145066.32   -143625.24    1492.2713    356019.54    70.947749    70.838215    70.838215 
44400000    351.11691   -145069.64   -143617.35    1404.0875    356019.54    70.937374    70.843395    70.843395 
44500000    350.46498   -145069.21   -143619.62    1765.4156    356019.54    70.926972     70.84859     70.84859 
44600000    351.20048   -145057.77   -143605.13    1628.2016    356019.54    70.916546    70.853797    70.853797 
44700000    348.92185   -145047.92   -143604.71    1866.8371    356019.54    70.906103    70.859015    70.859015 
44800000     349.8291   -145075.85   -143628.89    1349.2951    356019.54    70.895645    70.864241    70.864241 
44900000    346.81303   -145076.27   -143641.79    1494.6432    356019.54    70.885179    70.869472    70.869472 
45000000    349.94614   -145063.97   -143616.52    1513.0897    356019.54    70.874707    70.874707    70.874707 
45100000    349.26855    -145053.9   -143609.26    1823.1946    356019.54    70.864236    70.879944    70.879944 
45200000    348.52177   -145067.51   -143625.96    1561.6348    356019.54     70.85377    70.885179    70.885179 
45300000    347.77727   -145069.84   -143631.37     964.7614    356019.54    70.843312     70.89041     70.89041 
45400000    348.74056    -145069.7   -143627.24     1529.322    356019.54    70.832869    70.895636    70.895636 
45500000    349.79996   -145060.29   -143613.45    1764.8597    356019.54    70.822443    70.900854    70.900854 
45600000    349.00378   -145072.91   -143629.37    1354.9557    356019.54    70.812041    70.906062    70.906062 
45700000    349.87848   -145073.12   -143625.96    1296.8705    356019.54    70.801666    70.911256    70.911256 
45800000    350.22198   -145076.47   -143627.89    1461.7546    356019.54    70.791323    70.916436    70.916436 
45900000    351.40215   -145067.34   -143613.87    1536.3694    356019.54    70.781017    70.921599    70.921599 
46000000     349.6073   -145068.04   -143621.99    1429.7735    356019.54    70.770752    70.926743    70.926743 
46100000    348.78293    -145055.4   -143612.76    1756.6635    356019.54    70.760532    70.931864    70.931864 
46200000    348.42344   -145070.64    -143629.5    1679.2364    356019.54    70.750363    70.936962    70.936962 
46300000    347.15789   -145060.85   -143624.94    1731.7093    356019.54    70.740248    70.942033    70.942033 
46400000    347.75087   -145069.31   -143630.95    1554.7959    356019.54    70.730192    70.947076    70.947076 
46500000    350.90272   -145066.57   -143615.16    1337.5002    356019.54    70.720199    70.952088    70.952088 
46600000    350.31106   -145067.01   -143618.06    1419.1761    356019.54    70.710274    70.957067    70.957067 
46700000    349.68999   -145068.74   -143622.35    1696.3076    356019.54    70.700421    70.962012    70.962012 
46800000    348.65013   -145065.69   -143623.61    1529.1583    356019.54    70.690645    70.966918    70.966918 
46900000    350.52733   -145074.45    -143624.6     1424.769    356019.54     70.68095    70.971785    70.971785 
47000000    349.62729   -145068.56   -143622.43    1707.9994    356019.54    70.671339    70.976611    70.976611 
47100000    351.62082   -145069.77    -143615.4    1312.3378    356019.54    70.661818    70.981393    70.981393 
47200000    350.25898    -145064.9   -143616.16    1546.7823    356019.54     70.65239    70.986128    70.986128 
47300000    350.62012   -145067.26   -143617.02    1503.6922    356019.54    70.643059    70.990816    70.990816 
47400000    349.45847   -145055.52   -143610.09    1898.4431    356019.54    70.633831    70.995454    70.995454 
47500000    353.67206   -145058.29   -143595.44    1606.4891    356019.54    70.624707    71.000039    71.000039 
47600000      348.554   -145078.19    -143636.5    1384.4769    356019.54    70.615694     71.00457     71.00457 
47700000    347.81122   -145057.95   -143619.34    1563.8201    356019.54    70.606794    71.009045    71.009045 
47800000    349.60431   -145068.19   -143622.16    1414.2054    356019.54    70.598012    71.013462    71.013462 
47900000     351.1802   -145062.12   -143609.57    1697.8337    356019.54    70.589351    71.017818    71.017818 
48000000    350.55537   -145063.76    -143613.8    1471.0361    356019.54    70.580815    71.022112    71.022112 
48100000    351.74192   -145064.98   -143610.11    1862.0719    356019.54    70.572408    71.026343    71.026343 
48200000      351.544   -145065.09   -143611.03    1614.0235    356019.54    70.564134    71.030507    71.030507 
48300000    350.27487   -145063.59   -143614.78    1664.3751    356019.54    70.555995    71.034603    71.034603 
48400000    351.78586   -145071.75    -143616.7    1471.6988    356019.54    70.547997     71.03863     71.03863 
48500000    351.01657   -145055.21   -143603.34    1570.7887    356019.54    70.540142    71.042585    71.042585 
48600000    349.66497   -145066.91   -143620.63    1661.4396    356019.54    70.532434    71.046467    71.046467 
48700000    350.50054   -145076.69   -143626.95    1207.3132    356019.54    70.524876    71.050274    71.050274 
48800000    349.96075   -145056.07   -143608.56    1834.6388    356019.54    70.517471    71.054004    71.054004 
48900000    350.69271   -145066.18   -143615.65    1643.2534    356019.54    70.510223    71.057656    71.057656 
49000000    348.54002   -145057.44   -143615.81    1755.8802    356019.54    70.503135    71.061227    71.061227 
49100000     350.9399   -145068.29   -143616.73    1435.3254    356019.54     70.49621    71.064718    71.064718 
49200000    352.04258    -145067.1   -143610.98    1534.0071    356019.54    70.489451    71.068125    71.068125 
49300000    351.33272   -145078.42   -143625.24    1502.6177    356019.54    70.482861    71.071447    71.071447 
49400000    348.41709   -145046.07   -143604.94      2047.17    356019.54    70.476443    71.074683    71.074683 
49500000    353.21799    -145072.6   -143611.62     1412.254    356019.54    70.470199    71.077832    71.077832 
49600000    349.70198   -145067.85   -143621.41     1581.504    356019.54    70.464133    71.080891    71.080891 
49700000    351.44399   -145062.19   -143608.55    1916.2291    356019.54    70.458247     71.08386     71.08386 
49800000    351.73376   -145065.53   -143610.69    1582.4579    356019.54    70.452544    71.086737    71.086737 
49900000    351.32192   -145062.29   -143609.15    1813.6936    356019.54    70.447025    71.089521    71.089521 
50000000    349.11483   -145062.95   -143618.94    1648.9112    356019.54    70.441695    71.092211    71.092211 
50100000    349.62458   -145068.64   -143622.52    1647.6657    356019.54    70.436554    71.094805    71.094805 
50200000    349.37186   -145061.64   -143616.57    1756.0179    356019.54    70.431606    71.097303    71.097303 
50300000    349.53843   -145069.51   -143623.75    1354.6661    356019.54    70.426852    71.099702    71.099702 
50400000    350.29884    -145061.5   -143612.59     1716.242    356019.54    70.422294    71.102003    71.102003 
50500000    353.06761    -145064.1   -143603.74    1512.6056    356019.54    70.417935    71.104204    71.104204 
50600000    347.92527   -145069.29   -143630.21    1294.4768    356019.54    70.413776    71.106304    71.106304 
50700000     348.5498   -145055.49   -143613.82    1536.1787    356019.54    70.409819    71.108301    71.108301 
50800000    350.57622   -145056.37   -143606.32    1588.7279    356019.54    70.406066    71.110196    71.110196 
50900000    351.60517   -145057.95   -143603.64    1746.4318    356019.54    70.402519    71.111988    71.111988 
51000000    349.07165   -145065.08   -143621.25    1395.7992    356019.54    70.399179    71.113675    71.113675 
51100000    347.89276   -145057.52   -143618.57    1753.3289    356019.54    70.396048    71.115256    71.115256 
51200000    347.76475   -145065.78   -143627.36    1401.1613    356019.54    70.393126    71.116732    71.116732 
51300000    349.71519   -145067.13   -143620.64    1470.9066    356019.54    70.390416    71.118101    71.118101 
51400000    350.22541    -145061.9    -143613.3    1631.2626    356019.54    70.387918    71.119363    71.119363 
51500000    350.50978   -145060.39   -143610.61    1557.8416    356019.54    70.385634    71.120517    71.120517 
51600000     350.3078   -145057.06   -143608.12    1621.2679    356019.54    70.383564    71.121563    71.121563 
51700000    350.27936   -145077.23    -143628.4    1368.3714    356019.54    70.381709      71.1225      71.1225 
51800000    349.69841   -145059.55   -143613.12    1737.6665    356019.54    70.380071    71.123328    71.123328 
51900000     351.4872   -145071.15   -143617.33    1498.9696    356019.54     70.37865    71.124046    71.124046 
52000000    351.84139   -145052.79    -143597.5    1711.5224    356019.54    70.377447    71.124654    71.124654 
52100000    351.22874   -145056.12   -143603.37    1580.0353    356019.54    70.376461    71.125152    71.125152 
52200000    350.45632   -145052.47   -143602.91    2037.8935    356019.54    70.375694    71.125539    71.125539 
52300000    347.65875   -145075.15   -143637.16     1528.985    356019.54    70.375146    71.125816    71.125816 
52400000    349.18748   -145069.62   -143625.31    1251.9317    356019.54    70.374817    71.125983    71.125983 
52500000    350.30097    -145071.6   -143622.69    1568.9328    356019.54    70.374707    71.126038    71.126038 
52600000    347.38184   -145061.33   -143624.49    1911.7201    356019.54    70.374817    71.125983    71.125983 
52700000    347.08916   -145069.42   -143633.79    1312.8069    356019.54    70.375146    71.125816    71.125816 
52800000    350.93441      -145062   -143610.47    1606.4353    356019.54    70.375694    71.125539    71.125539 
52900000    351.60462   -145059.69   -143605.38    1472.1819    356019.54    70.376461    71.125152    71.125152 
53000000    349.97497   -145051.26   -143603.69    1885.3355    356019.54    70.377447    71.124654    71.124654 
53100000    347.30946   -145067.62   -143631.08    1488.6283    356019.54     70.37865    71.124046    71.124046 
53200000    351.78216   -145058.71   -143603.67     1427.341    356019.54    70.380071    71.123328    71.123328 
53300000     349.3029   -145071.16   -143626.37    1368.6172    356019.54    70.381709      71.1225      71.1225 
53400000    348.68883   -145059.58   -143617.33    1540.8875    356019.54    70.383564    71.121563    71.121563 
53500000    347.81473   -145057.07   -143618.44    1537.3918    356019.54    70.385634    71.120517    71.120517 
53600000    350.59387   -145054.74   -143604.62    1787.8046    356019.54    70.387918    71.119363    71.119363 
53700000    349.85959    -145060.5   -143613.42    1535.2653    356019.54    70.390416    71.118101    71.118101 
53800000    348.07344   -145070.25   -143630.55    1413.5403    356019.54    70.393126    71.116732    71.116732 
53900000    352.28145    -145056.3    -143599.2    1851.6992    356019.54    70.396048    71.115256    71.115256 
54000000    350.62147   -145061.72   -143611.48    1870.2469    356019.54    70.399179    71.113675    71.113675 
54100000    353.84158   -145069.98   -143606.42    1651.2814    356019.54    70.402519    71.111988    71.111988 
54200000     350.0705   -145069.71   -143621.75    1496.1893    356019.54    70.406066    71.110196    71.110196 
54300000    348.18624   -145061.34   -143621.18    1622.2791    356019.54    70.409819    71.108301    71.108301 
54400000    350.65298   -145059.52   -143609.15    1558.8754    356019.54    70.413776    71.106304    71.106304 
54500000    350.03308   -145068.81   -143621.01    1528.8346    356019.54    70.417935    71.104204    71.104204 
54600000    349.15964   -145069.87   -143625.68    1387.9991    356019.54    70.422294    71.102003    71.102003 
54700000    350.32374   -145066.58   -143617.57    1680.8429    356019.54    70.426852    71.099702    71.099702 
54800000    351.06777   -145066.37   -143614.29    1748.2712    356019.54    70.431606    71.097303    71.097303 
54900000    347.51474   -145058.97   -143621.58     1645.547    356019.54    70.436554    71.094805    71.094805 
55000000    349.42366   -145065.55   -143620.26    1519.1114    356019.54    70.441695    71.092211    71.092211 
55100000    351.18457   -145065.72   -143613.15     1645.978    356019.54    70.447025    71.089521    71.089521 
55200000    349.73313   -145058.03   -143611.46    1801.9214    356019.54    70.452544    71.086737    71.086737 
55300000    351.95995   -145059.38    -143603.6    1720.9591    356019.54    70.458247     71.08386     71.08386 
55400000    349.40781   -145071.51   -143626.29    1449.4473    356019.54    70.464133    71.080891    71.080891 
55500000    347.86529   -145056.92   -143618.08    2036.5552    356019.54    70.470199    71.077832    71.077832 
55600000    348.70002   -145070.87   -143628.58    1264.3184    356019.54    70.476443    71.074683    71.074683 
55700000    351.36236   -145060.26   -143606.96    1816.4778    356019.54    70.482861    71.071447    71.071447 
55800000    349.78153   -145062.58   -143615.81    1676.4697    356019.54    70.489451    71.068125    71.068125 
55900000    350.73003   -145065.28   -143614.59    1604.9205    356019.54     70.49621    71.064718    71.064718 
56000000    349.13543   -145072.58   -143628.49    1580.4509    356019.54    70.503135    71.061227    71.061227 
56100000    346.95678   -145062.33   -143627.24    1603.0583    356019.54    70.510223    71.057656    71.057656 
56200000    350.70329   -145070.06   -143619.49    1559.1528    356019.54    70.517471    71.054004    71.054004 
56300000    351.15868   -145063.73   -143611.27    1804.3569    356019.54    70.524876    71.050274    71.050274 
56400000    351.58781   -145070.76   -143616.52    1465.3072    356019.54    70.532434    71.046467    71.046467 
56500000    348.32014   -145061.31   -143620.59    1471.3372    356019.54    70.540142    71.042585    71.042585 
56600000    348.63856   -145077.25   -143635.21    1322.2357    356019.54    70.547997     71.03863     71.03863 
56700000    351.66804   -145059.42   -143604.85    1803.5654    356019.54    70.555995    71.034603    71.034603 
56800000    351.13255   -145064.86   -143612.51    1449.1091    356019.54    70.564134    71.030507    71.030507 
56900000    349.39466   -145057.91   -143612.74    1691.9583    356019.54    70.572408    71.026343    71.026343 
57000000     351.5774   -145061.39   -143607.19     1677.549    356019.54    70.580815    71.022112    71.022112 
57100000    347.31665   -145055.33   -143618.76    1601.0303    356019.54    70.589351    71.017818    71.017818 
57200000    348.03868   -145076.14   -143636.59    1284.9482    356019.54    70.598012    71.013462    71.013462 
57300000    349.86553    -145065.8   -143618.69    1604.3702    356019.54    70.606794    71.009045    71.009045 
57400000    352.48131   -145078.97   -143621.04    1253.5746    356019.54    70.615694     71.00457     71.00457 
57500000    349.77864   -145058.65   -143611.89    1737.0753    356019.54    70.624707    71.000039    71.000039 
57600000    349.10624   -145065.84   -143621.86    1567.1424    356019.54    70.633831    70.995454    70.995454 
57700000    353.47909    -145079.2   -143617.14    1323.1992    356019.54    70.643059    70.990816    70.990816 
57800000    349.96793   -145057.86   -143610.32    1638.9779    356019.54     70.65239    70.986128    70.986128 
57900000    350.97362   -145066.78   -143615.08    1599.7951    356019.54    70.661818    70.981393    70.981393 
58000000      353.438   -145071.81   -143609.92    1178.7267    356019.54    70.671339    70.976611    70.976611 
58100000    350.49792   -145062.68   -143612.95    1792.9566    356019.54     70.68095    70.971785    70.971785 
58200000    352.38498   -145065.51   -143607.98    1557.2614    356019.54    70.690645    70.966918    70.966918 
58300000    348.62429   -145061.43   -143619.45    1608.1987    356019.54    70.700421    70.962012    70.962012 
58400000    349.23255   -145066.31   -143621.81    1391.5531    356019.54    70.710274    70.957067    70.957067 
58500000    348.80659   -145070.65   -143627.92    1476.1091    356019.54    70.720199    70.952088    70.952088 
58600000    348.96047   -145059.94   -143616.57    1696.7339    356019.54    70.730192    70.947076    70.947076 
58700000    348.74101   -145063.01   -143620.55     1473.117    356019.54    70.740248    70.942033    70.942033 
58800000    351.43862   -145065.59   -143611.97    1519.5202    356019.54    70.750363    70.936962    70.936962 
58900000    351.17547   -145069.16   -143616.63    1457.9582    356019.54    70.760532    70.931864    70.931864 
59000000    348.81326   -145064.27   -143621.51    1584.9396    356019.54    70.770752    70.926743    70.926743 
59100000    352.31622   -145064.44   -143607.19    1616.9746    356019.54    70.781017    70.921599    70.921599 
59200000    353.22579    -145063.4   -143602.39    1331.5661    356019.54    70.791323    70.916436    70.916436 
59300000    346.92955   -145055.35   -143620.38    2056.0712    356019.54    70.801666    70.911256    70.911256 
59400000    352.30015   -145075.11   -143617.93    1592.2412    356019.54    70.812041    70.906062    70.906062 
59500000    347.96098    -145067.9   -143628.67     1659.319    356019.54    70.822443    70.900854    70.900854 
59600000    349.13651   -145076.34   -143632.24    1514.5572    356019.54    70.832869    70.895636    70.895636 
59700000       351.38   -145056.97   -143603.59    1456.3721    356019.54    70.843312     70.89041     70.89041 
59800000    348.98965   -145070.77   -143627.28    1408.9479    356019.54     70.85377    70.885179    70.885179 
59900000      347.421   -145072.99   -143635.99    1390.7446    356019.54    70.864236    70.879944    70.879944 
60000000    352.52054   -145068.56   -143610.46    1496.3357    356019.54    70.874707    70.874707    70.874707 
60100000    350.18307   -145061.81   -143613.39    1657.7357    356019.54    70.885179    70.869472    70.869472 
60200000    351.20607   -145072.68   -143620.02    1455.8546    356019.54    70.895645    70.864241    70.864241 
60300000    348.80225   -145071.98   -143629.27    1328.5498    356019.54    70.906103    70.859015    70.859015 
60400000     349.7177   -145065.61   -143619.11    1888.9336    356019.54    70.916546    70.853797    70.853797 
60500000     349.5714   -145074.63   -143628.73    1485.6982    356019.54    70.926972     70.84859     70.84859 
60600000    348.64708    -145071.1   -143629.03     1466.239    356019.54    70.937374    70.843395    70.843395 
60700000    349.87649    -145078.1   -143630.94    1389.0373    356019.54    70.947749    70.838215    70.838215 
60800000    347.15507   -145072.37   -143636.47    1440.8328    356019.54    70.958092    70.833052    70.833052 
60900000    350.34743   -145055.25   -143606.15    1799.2205    356019.54    70.968398    70.827909    70.827909 
61000000    347.67312   -145053.63   -143615.58    1800.3847    356019.54    70.978663    70.822787    70.822787 
61100000    350.57124   -145065.25   -143615.22    1598.3986    356019.54    70.988883    70.817689    70.817689 
61200000    350.64161   -145068.44   -143618.11    1578.3621    356019.54    70.999052    70.812617    70.812617 
61300000     348.7662   -145062.91   -143620.35    1674.7599    356019.54    71.009167    70.807573    70.807573 
61400000    351.94773   -145055.61   -143599.88    1771.7223    356019.54    71.019223     70.80256     70.80256 
61500000    351.91207   -145060.87    -143605.3    1735.3455    356019.54    71.029216    70.797579    70.797579 
61600000    350.87425    -145048.7   -143597.42    1961.0725    356019.54    71.039141    70.792634    70.792634 
61700000    347.54346   -145059.59   -143622.08     1864.655    356019.54    71.048993    70.787725    70.787725 
61800000    350.14961   -145069.04   -143620.75    1485.6901    356019.54     71.05877    70.782855    70.782855 
61900000    348.94842   -145072.59   -143629.27    1244.2543    356019.54    71.068465    70.778027    70.778027 
62000000     351.3784   -145060.74   -143607.37    1908.5979    356019.54    71.078076    70.773242    70.773242 
62100000     347.6666   -145071.48   -143633.46    1511.6136    356019.54    71.087597    70.768502    70.768502 
62200000    348.37928   -145067.77    -143626.8    1695.8825    356019.54    71.097025     70.76381     70.76381 
62300000    346.36859   -145074.16   -143641.51    1353.3481    356019.54    71.106355    70.759167    70.759167 
62400000    349.14146   -145055.78   -143611.67    1936.1955    356019.54    71.115584    70.754575    70.754575 
62500000    352.24795   -145067.67    -143610.7    1492.2133    356019.54    71.124707    70.750037    70.750037 
62600000     351.8181   -145059.92   -143604.73    1758.9967    356019.54    71.133721    70.745555    70.745555 
62700000    349.15693   -145057.12   -143612.94    1999.0264    356019.54    71.142621    70.741129    70.741129 
62800000    349.64245   -145061.98   -143615.79    1870.3668    356019.54    71.151403    70.736763    70.736763 
62900000    350.82708   -145068.63   -143617.54    1714.4994    356019.54    71.160064    70.732458    70.732458 
63000000    347.69427   -145062.89   -143624.76    1762.8546    356019.54      71.1686    70.728217    70.728217 
63100000    349.53699   -145068.19   -143622.44    1788.3936    356019.54    71.177007     70.72404     70.72404 
63200000    351.78693    -145055.1   -143600.04    1629.2943    356019.54    71.185281    70.719929    70.719929 
63300000    354.21927   -145040.74   -143575.62    1927.2377    356019.54    71.193419    70.715887    70.715887 
63400000    348.36756   -145070.72   -143629.81      1526.94    356019.54    71.201418    70.711915    70.711915 
63500000    351.69007   -145066.75   -143612.09    1640.3697    356019.54    71.209273    70.708015    70.708015 
63600000    353.22414   -145070.31   -143609.31    1724.2902    356019.54    71.216981    70.704188    70.704188 
63700000    352.60174   -145060.43      -143602     1602.023    356019.54    71.224539    70.700437    70.700437 
63800000    351.88664   -145069.28    -143613.8    1528.6085    356019.54    71.231944    70.696762    70.696762 
63900000     348.7886   -145069.64   -143626.98    1349.5382    356019.54    71.239192    70.693165    70.693165 
64000000    347.36778   -145085.67   -143648.89    1128.6312    356019.54     71.24628    70.689649    70.689649 
64100000    350.62522   -145059.38   -143609.13    1778.9449    356019.54    71.253205    70.686213    70.686213 
64200000    350.56533   -145061.58   -143611.57    1602.8281    356019.54    71.259964    70.682861    70.682861 
64300000    350.59984   -145079.59   -143629.44    1529.0117    356019.54    71.266554    70.679593    70.679593 
64400000    348.85764   -145060.55   -143617.61    1746.1642    356019.54    71.272972     70.67641     70.67641 
64500000    348.13594   -145069.97   -143630.02    1519.5632    356019.54    71.279216    70.673315    70.673315 
64600000     351.4152   -145073.24   -143619.72    1501.4754    356019.54    71.285282    70.670308    70.670308 
64700000    349.04134   -145054.79   -143611.09    1622.8211    356019.54    71.291168     70.66739     70.66739 
64800000    350.94101   -145056.56      -143605    1633.5193    356019.54    71.296871    70.664564    70.664564 
64900000    351.14974   -145054.76   -143602.34    1766.1729    356019.54     71.30239    70.661829    70.661829 
65000000    350.74508   -145066.23   -143615.48    1708.2334    356019.54     71.30772    70.659188    70.659188 
65100000    352.43255   -145049.31   -143591.58    2018.5403    356019.54    71.312861    70.656641    70.656641 
65200000     350.7623   -145060.17   -143609.35    1749.0748    356019.54    71.317809     70.65419     70.65419 
65300000    347.49335   -145056.22   -143618.92     1592.129    356019.54    71.322563    70.651835    70.651835 
65400000    350.04161   -145069.69   -143621.85    1547.6267    356019.54    71.327121    70.649578    70.649578 
65500000    351.06081   -145062.65   -143610.59     1768.409    356019.54     71.33148    70.647419    70.647419 
65600000    350.41936   -145057.09   -143607.69    1770.6736    356019.54    71.335639     70.64536     70.64536 
65700000    350.92648   -145055.91   -143604.41    1667.2635    356019.54    71.339596    70.643401    70.643401 
65800000    349.80549    -145050.8   -143603.94    1937.7787    356019.54    71.343348    70.641543    70.641543 
65900000    350.02549   -145066.53   -143618.76    1289.1132    356019.54    71.346896    70.639787    70.639787 
66000000    350.56279   -145073.02   -143623.03    1697.1399    356019.54    71.350236    70.638133    70.638133 
66100000    352.28973   -145061.05   -143603.91    1884.8111    356019.54    71.353367    70.636583    70.636583 
66200000    347.87069   -145055.51   -143616.64    2164.6979    356019.54    71.356289    70.635137    70.635137 
66300000    344.52326   -145060.92    -143635.9    1680.0789    356019.54    71.358999    70.633796    70.633796 
66400000    351.39861   -145049.32   -143595.87    1933.7326    356019.54    71.361497    70.632559    70.632559 
66500000    350.54697    -145064.1   -143614.17     1482.348    356019.54    71.363781    70.631429    70.631429 
66600000    349.43783   -145064.56   -143619.22    1639.6796    356019.54    71.365851    70.630405    70.630405 
66700000    349.17756   -145061.97    -143617.7     1814.857    356019.54    71.367705    70.629487    70.629487 
66800000    349.47652   -145051.13   -143605.63    2004.5249    356019.54    71.369344    70.628676    70.628676 
66900000    350.68472   -145053.32   -143602.82    2035.1325    356019.54    71.370765    70.627973    70.627973 
67000000    346.37707   -145067.69   -143635.01    1622.7876    356019.54    71.371968    70.627378    70.627378 
67100000    351.83058   -145056.53   -143601.29    1772.5389    356019.54    71.372954     70.62689     70.62689 
67200000    348.27256   -145066.67   -143626.15     1350.066    356019.54    71.373721    70.626511    70.626511 
67300000    349.20623   -145063.46   -143619.07    1650.2264    356019.54    71.374269    70.626239    70.626239 
67400000    348.78229   -145055.62   -143612.99    1614.1251    356019.54    71.374598    70.626077    70.626077 
67500000    350.40792   -145057.25   -143607.89    1687.1212    356019.54    71.374707    70.626023    70.626023 
67600000    349.37436   -145061.87   -143616.79    1601.6497    356019.54    71.374598    70.626077    70.626077 
67700000    351.55692   -145050.47   -143596.36    2039.9237    356019.54    71.374269    70.626239    70.626239 
67800000    352.77836   -145068.29   -143609.13    1562.1407    356019.54    71.373721    70.626511    70.626511 
67900000    351.01752   -145044.27    -143592.4    2045.3494    356019.54    71.372954     70.62689     70.62689 
68000000     349.3474   -145063.22   -143618.25    1754.2125    356019.54    71.371968    70.627378    70.627378 
68100000    348.38398   -145060.17   -143619.18    1661.3323    356019.54    71.370765    70.627973    70.627973 
68200000    351.27722    -145056.1   -143603.14    1765.1015    356019.54    71.369344    70.628676    70.628676 
68300000    349.70153   -145064.11   -143617.68    1634.6976    356019.54    71.367705    70.629487    70.629487 
68400000    349.49104   -145057.42   -143611.85    1729.0248    356019.54    71.365851    70.630405    70.630405 
68500000    351.40097   -145059.87   -143606.41    1506.8926    356019.54    71.363781    70.631429    70.631429 
68600000     350.7444   -145061.75   -143611.01    1531.9243    356019.54    71.361497    70.632559    70.632559 
68700000    347.98853   -145062.11   -143622.76    1680.7638    356019.54    71.358999    70.633796    70.633796 
68800000    351.79005   -145060.04   -143604.97    1961.2033    356019.54    71.356289    70.635137    70.635137 
68900000     348.0742   -145065.54   -143625.84    1788.5621    356019.54    71.353367    70.636583    70.636583 
69000000    350.71555   -145072.78   -143622.15    1445.7187    356019.54    71.350236    70.638133    70.638133 
69100000    350.24146   -145054.51   -143605.84    1684.1587    356019.54    71.346896    70.639787    70.639787 
69200000    350.08153   -145060.13   -143612.12    1472.8447    356019.54    71.343348    70.641543    70.641543 
69300000    349.00986   -145066.68    -143623.1    1552.0651    356019.54    71.339596    70.643401    70.643401 
69400000    348.78781   -145067.68   -143625.02    1977.4465    356019.54    71.335639     70.64536     70.64536 
69500000    347.50727   -145049.11   -143611.76    1912.2754    356019.54     71.33148    70.647419    70.647419 
69600000    349.19109   -145071.41   -143627.09    1488.3481    356019.54    71.327121    70.649578    70.649578 
69700000     349.2905      -145054   -143609.27    1960.4569    356019.54    71.322563    70.651835    70.651835 
69800000    350.73317   -145060.71   -143610.01    1741.1153    356019.54    71.317809     70.65419     70.65419 
69900000    353.37982   -145063.25    -143601.6    1736.6626    356019.54    71.312861    70.656641    70.656641 
70000000    348.81071   -145077.44    -143634.7    1296.9853    356019.54     71.30772    70.659188    70.659188 
70100000    350.64285   -145057.11   -143606.78    1780.4765    356019.54     71.30239    70.661829    70.661829 
70200000    353.48243    -145061.9   -143599.83    1685.4915    356019.54    71.296871    70.664564    70.664564 
70300000     349.8145   -145065.97   -143619.07    1974.4758    356019.54    71.291168     70.66739     70.66739 
70400000    348.82271   -145057.79   -143614.99     1541.363    356019.54    71.285282    70.670308    70.670308 
70500000    350.25918   -145075.69   -143626.95    1516.2659    356019.54    71.279216    70.673315    70.673315 
70600000     349.6192   -145069.86   -143623.76    1302.1555    356019.54    71.272972     70.67641     70.67641 
70700000    352.69393   -145067.58   -143608.77    1666.6552    356019.54    71.266554    70.679593    70.679593 
70800000    346.22054   -145069.08   -143637.04    1500.9254    356019.54    71.259964    70.682861    70.682861 
70900000    349.43347   -145075.66   -143630.33    1397.5374    356019.54    71.253205    70.686213    70.686213 
71000000    348.98607   -145062.59   -143619.12    1740.7494    356019.54     71.24628    70.689649    70.689649 
71100000    353.15571   -145058.05   -143597.32    1816.4725    356019.54    71.239192    70.693165    70.693165 
71200000    349.43395   -145054.85   -143609.53    1698.8378    356019.54    71.231944    70.696762    70.696762 
71300000    350.25647   -145071.56   -143622.83    1397.8142    356019.54    71.224539    70.700437    70.700437 
71400000    352.73281   -145072.25   -143613.28    1410.3714    356019.54    71.216981    70.704188    70.704188 
71500000    351.48136   -145051.97   -143598.17    2120.9874    356019.54    71.209273    70.708015    70.708015 
71600000    349.08774   -145063.38   -143619.48      1728.23    356019.54    71.201418    70.711915    70.711915 
71700000     349.3122   -145060.22    -143615.4    1796.6247    356019.54    71.193419    70.715887    70.715887 
71800000    353.29674   -145067.37   -143606.06     1785.214    356019.54    71.185281    70.719929    70.719929 
71900000    348.27119   -145050.91    -143610.4    1902.4238    356019.54    71.177007     70.72404     70.72404 
72000000    346.73162   -145061.08   -143626.93    1632.2556    356019.54      71.1686    70.728217    70.728217 
72100000    350.44738   -145065.58   -143616.06    1759.4275    356019.54    71.160064    70.732458    70.732458 
72200000    347.93744   -145069.99   -143630.86     1151.064    356019.54    71.151403    70.736763    70.736763 
72300000    349.34384   -145057.88   -143612.93    1733.2193    356019.54    71.142621    70.741129    70.741129 
72400000    348.62185   -145053.57    -143611.6    1814.0546    356019.54    71.133721    70.745555    70.745555 
72500000    349.30878   -145063.88   -143619.07    1630.3326    356019.54    71.124707    70.750037    70.750037 
72600000    348.56893   -145067.56   -143625.81    1635.1172    356019.54    71.115584    70.754575    70.754575 
72700000    348.43213   -145069.39   -143628.21    1647.3332    356019.54    71.106355    70.759167    70.759167 
72800000    351.31469   -145080.33   -143627.22    1292.9416    356019.54    71.097025     70.76381     70.76381 
72900000    349.71538    -145068.6   -143622.11    1305.6288    356019.54    71.087597    70.768502    70.768502 
73000000    349.87335   -145066.94    -143619.8    1665.0056    356019.54    71.078076    70.773242    70.773242 
73100000    351.22304   -145066.04   -143613.31     1689.944    356019.54    71.068465    70.778027    70.778027 
73200000     351.2477   -145069.06   -143616.23    1605.9112    356019.54     71.05877    70.782855    70.782855 
73300000      351.479   -145062.53   -143608.75    1741.3696    356019.54    71.048993    70.787725    70.787725 
73400000    350.47549   -145071.82   -143622.18    1578.1456    356019.54    71.039141    70.792634    70.792634 
73500000    347.65049   -145063.15    -143625.2    1747.9122    356019.54    71.029216    70.797579    70.797579 
73600000    348.61462   -145060.02   -143618.08    1561.9177    356019.54    71.019223     70.80256     70.80256 
73700000     351.1956   -145072.07   -143619.46    1361.9608    356019.54    71.009167    70.807573    70.807573 
73800000    351.03567   -145062.68   -143610.73    1631.2883    356019.54    70.999052    70.812617    70.812617 
73900000     349.4781   -145070.75   -143625.24    1667.6239    356019.54    70.988883    70.817689    70.817689 
74000000    350.55028   -145074.15    -143624.2     1500.049    356019.54    70.978663    70.822787    70.822787 
74100000    350.57408   -145061.83   -143611.79     1742.253    356019.54    70.968398    70.827909    70.827909 
74200000    351.16436    -145062.7   -143610.22    1754.9026    356019.54    70.958092    70.833052    70.833052 
74300000     349.1084   -145070.03   -143626.05    1567.5272    356019.54    70.947749    70.838215    70.838215 
74400000    349.36289   -145076.87   -143631.84    1562.1015    356019.54    70.937374    70.843395    70.843395 
74500000    348.77873   -145066.13   -143623.52    1650.0252    356019.54    70.926972     70.84859     70.84859 
74600000    349.92019   -145075.47   -143628.13    1555.6785    356019.54    70.916546    70.853797    70.853797 
74700000    349.39073   -145065.15      -143620    1812.5897    356019.54    70.906103    70.859015    70.859015 
74800000     349.5554   -145071.63    -143625.8    1257.9843    356019.54    70.895645    70.864241    70.864241 
74900000    352.06511   -145059.27   -143603.06    1552.6096    356019.54    70.885179    70.869472    70.869472 
75000000    347.83225   -145065.91    -143627.2    1410.1122    356019.54    70.874707    70.874707    70.874707 
