units           metal
boundary        p p p
atom_style      atomic
read_data      /HOME/hust_hbyu_1/Samples/Ni80P20_C20/dat/T500.dat
  orthogonal box = (-35.5359 -35.5359 -35.5359) to (35.5359 35.5359 35.5359)
  4 by 5 by 6 MPI processor grid
  reading atoms ...
  32000 atoms
  reading velocities ...
  32000 velocities
pair_style      eam/alloy
pair_coeff      * *   /HOME/hust_hbyu_1/Samples/Ni80P20_C20/dat/NiP.lammps.eam Ni P
mass            1  58.69
mass			2  30.97
neigh_modify    delay 5
timestep 0.01
thermo 100000
reset_timestep 0
thermo_style custom step temp pe etotal press vol lx ly lz
fix             1 all nvt temp 500 500 0.5
thermo_modify flush yes
fix dsf all deform 1 x  wiggle 0.5    300000.0   y volume z volume units box
fix ps1 all ave/time 1 1 300000 c_thermo_press[1] c_thermo_press[2]  c_thermo_press[3] c_thermo_press[4]  c_thermo_press[5] c_thermo_press[6]  file  YDMA500K-stress-300ns.txt
dump            1 all custom 10000000 YDMA500K-300ns.lammpstrj id type x y z
dump_modify 1 sort id
run 150000000
Neighbor list info ...
  1 neighbor list requests
  update every 1 steps, delay 5 steps, check yes
  master list distance cutoff = 8.5
  ghost atom cutoff = 8.5
Memory usage per processor = 3.51376 Mbytes
Step Temp PotEng TotEng Press Volume Lx Ly Lz 
       0    497.28242   -144392.56    -142335.7   -209.15784    358997.67    71.071783    71.071783    71.071783 
  100000    498.06497   -144308.81   -142248.71    1186.7193    358997.67    71.082254    71.066548    71.066548 
  200000    499.59673   -144312.03    -142245.6    1344.3253    358997.67     71.09272    71.061316    71.061316 
  300000    497.88415   -144298.67   -142239.32    1503.7542    358997.67    71.103178     71.05609     71.05609 
  400000    500.64214   -144308.99   -142238.24    1047.0385    358997.67    71.113621    71.050872    71.050872 
  500000      501.016   -144319.24   -142246.94    711.75964    358997.67    71.124047    71.045665    71.045665 
  600000    498.39426   -144288.17   -142226.71    1450.9431    358997.67    71.134449     71.04047     71.04047 
  700000    494.66509   -144295.08   -142249.05    1490.8965    358997.67    71.144824     71.03529     71.03529 
  800000    498.61061   -144306.08   -142243.73    1276.3315    358997.67    71.155167    71.030127    71.030127 
  900000     499.4624   -144314.34   -142248.46    1253.6378    358997.67    71.165473    71.024983    71.024983 
 1000000    502.70582   -144303.88   -142224.59    1062.7299    358997.67    71.175738    71.019862    71.019862 
 1100000    502.38106   -144307.37   -142229.42    1222.4604    358997.67    71.185958    71.014764    71.014764 
 1200000    500.16529   -144297.34   -142228.56    1629.6086    358997.67    71.196127    71.009692    71.009692 
 1300000    497.51229   -144285.25   -142227.44    1505.7379    358997.67    71.206242    71.004648    71.004648 
 1400000    500.87539   -144300.46   -142228.74    1256.3196    358997.67    71.216298    70.999635    70.999635 
 1500000    500.18362   -144327.42   -142258.56    1045.6703    358997.67    71.226291    70.994654    70.994654 
 1600000    499.56397   -144303.01   -142236.72    1356.9184    358997.67    71.236216    70.989708    70.989708 
 1700000    503.89426   -144304.79   -142220.59    1128.9866    358997.67    71.246069    70.984799    70.984799 
 1800000    500.10811   -144303.37   -142234.82    1259.7662    358997.67    71.255845     70.97993     70.97993 
 1900000     500.4217   -144302.65   -142232.81    1510.3651    358997.67     71.26554    70.975101    70.975101 
 2000000    498.96145   -144303.79   -142239.99    1266.0312    358997.67    71.275151    70.970316    70.970316 
 2100000     497.5998   -144296.64   -142238.47    1623.7404    358997.67    71.284672    70.965576    70.965576 
 2200000    501.69831   -144297.89   -142222.76    1508.5226    358997.67      71.2941    70.960884    70.960884 
 2300000    499.50479   -144298.62   -142232.57    1400.4648    358997.67    71.303431    70.956241    70.956241 
 2400000    502.63297   -144299.61   -142220.62    1300.8674    358997.67    71.312659    70.951649    70.951649 
 2500000    501.38591   -144298.58   -142224.75    1391.1228    358997.67    71.321783    70.947111    70.947111 
 2600000    499.38151   -144312.48   -142246.94    1089.5145    358997.67    71.330796    70.942629    70.942629 
 2700000    497.77658   -144296.71   -142237.81     1602.609    358997.67    71.339696    70.938203    70.938203 
 2800000    496.43663   -144312.65   -142259.29    1142.3985    358997.67    71.348478    70.933837    70.933837 
 2900000    502.47324   -144322.97   -142244.64    741.65621    358997.67    71.357139    70.929532    70.929532 
 3000000    495.36535   -144310.13    -142261.2    1344.5407    358997.67    71.365675     70.92529     70.92529 
 3100000    495.69084   -144292.89   -142242.61    1400.8552    358997.67    71.374082    70.921113    70.921113 
 3200000    501.06783   -144290.26   -142217.75    1619.8075    358997.67    71.382356    70.917003    70.917003 
 3300000    499.97223   -144276.94   -142208.95    1829.2467    358997.67    71.390495     70.91296     70.91296 
 3400000    502.37173   -144298.23   -142220.32    1246.4797    358997.67    71.398493    70.908988    70.908988 
 3500000     502.9881   -144280.66    -142200.2    1880.3997    358997.67    71.406348    70.905088    70.905088 
 3600000    497.24588   -144284.48   -142227.78    1663.4623    358997.67    71.414056    70.901261    70.901261 
 3700000    500.05564   -144285.34   -142217.01    1857.9308    358997.67    71.421614     70.89751     70.89751 
 3800000    497.81918   -144308.39   -142249.32    1533.9996    358997.67    71.429019    70.893835    70.893835 
 3900000    500.57121    -144280.8   -142210.34    1891.8499    358997.67    71.436267    70.890238    70.890238 
 4000000    497.21778   -144279.52   -142222.93    1784.6332    358997.67    71.443355    70.886722    70.886722 
 4100000    499.06115    -144294.2   -142229.99    1481.1359    358997.67     71.45028    70.883286    70.883286 
 4200000    501.07928   -144295.22   -142222.65    1490.0529    358997.67    71.457039    70.879934    70.879934 
 4300000    501.71701   -144287.89   -142212.69     1860.796    358997.67    71.463629    70.876666    70.876666 
 4400000    499.78558    -144291.7   -142224.49     1573.464    358997.67    71.470047    70.873483    70.873483 
 4500000    502.19149   -144289.61   -142212.45    1721.3801    358997.67    71.476291    70.870388    70.870388 
 4600000    502.04516   -144302.77   -142226.21     1271.599    358997.67    71.482357     70.86738     70.86738 
 4700000    499.76489   -144295.22    -142228.1    1562.4983    358997.67    71.488243    70.864463    70.864463 
 4800000    501.78396   -144290.87   -142215.39    1439.2189    358997.67    71.493946    70.861636    70.861636 
 4900000    496.67001   -144289.81   -142235.48     1899.619    358997.67    71.499465    70.858902    70.858902 
 5000000    499.02825   -144296.73   -142232.65    937.42284    358997.67    71.504795     70.85626     70.85626 
 5100000    497.69746   -144291.54   -142232.97    1543.0528    358997.67    71.509936    70.853714    70.853714 
 5200000    497.06986   -144301.47   -142245.49    990.45884    358997.67    71.514884    70.851262    70.851262 
 5300000    502.88703   -144295.38   -142215.34    1555.4095    358997.67    71.519638    70.848907    70.848907 
 5400000    497.90858   -144283.95    -142224.5    1903.6417    358997.67    71.524196     70.84665     70.84665 
 5500000    501.49766   -144280.58   -142206.29    1847.0744    358997.67    71.528555    70.844491    70.844491 
 5600000    496.91244   -144310.02   -142254.69    908.15332    358997.67    71.532714    70.842432    70.842432 
 5700000    496.06422   -144281.84   -142230.02    1602.2985    358997.67    71.536671    70.840473    70.840473 
 5800000    501.96039   -144314.53   -142238.32    1149.6977    358997.67    71.540424    70.838615    70.838615 
 5900000    502.60413   -144306.78   -142227.91    1251.5802    358997.67    71.543971    70.836858    70.836858 
 6000000    499.44454   -144289.16   -142223.36    1658.6959    358997.67    71.547311    70.835205    70.835205 
 6100000    502.99419   -144296.23   -142215.75     1002.439    358997.67    71.550442    70.833655    70.833655 
 6200000    500.57948   -144301.61   -142231.12    1323.5552    358997.67    71.553364    70.832209    70.832209 
 6300000    504.52875   -144292.15   -142205.32    1736.5553    358997.67    71.556074    70.830867    70.830867 
 6400000    502.65884   -144292.03   -142212.94    1845.3174    358997.67    71.558572    70.829631    70.829631 
 6500000    500.13515   -144306.31   -142237.65    1220.0844    358997.67    71.560856    70.828501    70.828501 
 6600000    502.97877   -144294.97   -142214.55    1446.3364    358997.67    71.562926    70.827476    70.827476 
 6700000    496.22152   -144298.55   -142246.08     1253.159    358997.67    71.564781    70.826559    70.826559 
 6800000    499.95664   -144302.68   -142234.76    1323.8416    358997.67    71.566419    70.825748    70.825748 
 6900000    500.26333   -144293.36   -142224.17    1607.9501    358997.67     71.56784    70.825045    70.825045 
 7000000    497.69633   -144302.81   -142244.24    1339.9935    358997.67    71.569043    70.824449    70.824449 
 7100000    503.24696   -144310.21   -142228.68    1336.6683    358997.67    71.570029    70.823962    70.823962 
 7200000    499.55311   -144309.49   -142243.24     1348.621    358997.67    71.570796    70.823582    70.823582 
 7300000    497.73746   -144283.76   -142225.02    1672.5439    358997.67    71.571344    70.823311    70.823311 
 7400000    496.87986   -144294.65   -142239.46    1592.3571    358997.67    71.571673    70.823148    70.823148 
 7500000    501.05951   -144304.37   -142231.89    1561.4863    358997.67    71.571783    70.823094    70.823094 
 7600000    501.01687   -144310.61   -142238.31    1657.4945    358997.67    71.571673    70.823148    70.823148 
 7700000    500.63699   -144293.99   -142223.26     1653.224    358997.67    71.571344    70.823311    70.823311 
 7800000    500.15761   -144296.54   -142227.79    1534.9529    358997.67    71.570796    70.823582    70.823582 
 7900000    496.54456    -144290.9   -142237.09    1619.5382    358997.67    71.570029    70.823962    70.823962 
 8000000    499.51538   -144283.85   -142217.76    1685.4988    358997.67    71.569043    70.824449    70.824449 
 8100000    496.79957    -144290.7   -142235.84    1188.9507    358997.67     71.56784    70.825045    70.825045 
 8200000    501.28733   -144287.35   -142213.93    1601.9294    358997.67    71.566419    70.825748    70.825748 
 8300000    497.54895   -144281.81   -142223.85     1856.813    358997.67    71.564781    70.826559    70.826559 
 8400000    500.78708   -144299.33   -142227.97    1457.5106    358997.67    71.562926    70.827476    70.827476 
 8500000    499.20436   -144316.67   -142251.87    1320.7283    358997.67    71.560856    70.828501    70.828501 
 8600000    497.02733   -144293.57   -142237.77    1682.2539    358997.67    71.558572    70.829631    70.829631 
 8700000    501.23447    -144289.7   -142216.49    1903.3519    358997.67    71.556074    70.830867    70.830867 
 8800000    496.08924   -144275.06   -142223.14    1837.9491    358997.67    71.553364    70.832209    70.832209 
 8900000    498.09911   -144296.17   -142235.93     1044.532    358997.67    71.550442    70.833655    70.833655 
 9000000    501.73558   -144309.35   -142234.07    1457.3065    358997.67    71.547311    70.835205    70.835205 
 9100000    500.86844   -144318.51   -142246.82    977.97787    358997.67    71.543971    70.836858    70.836858 
 9200000    499.98186   -144289.76   -142221.74    1401.8561    358997.67    71.540424    70.838615    70.838615 
 9300000    497.38316   -144281.51   -142224.24    1905.5717    358997.67    71.536671    70.840473    70.840473 
 9400000    497.11431   -144283.54   -142227.38    1788.8041    358997.67    71.532714    70.842432    70.842432 
 9500000    503.50446   -144294.48   -142211.88    1152.4816    358997.67    71.528555    70.844491    70.844491 
 9600000    494.71957   -144313.08   -142266.83    814.77163    358997.67    71.524196     70.84665     70.84665 
 9700000    498.01223   -144302.34   -142242.46    1378.7299    358997.67    71.519638    70.848907    70.848907 
 9800000    500.97817   -144291.43   -142219.29     1406.085    358997.67    71.514884    70.851262    70.851262 
 9900000    498.39821   -144292.96   -142231.48    1599.9828    358997.67    71.509936    70.853714    70.853714 
10000000    499.53645   -144288.55   -142222.37    1179.5156    358997.67    71.504795     70.85626     70.85626 
10100000    500.10913   -144309.56   -142241.01    794.93662    358997.67    71.499465    70.858902    70.858902 
10200000    497.82082   -144286.46   -142227.37    1512.5504    358997.67    71.493946    70.861636    70.861636 
10300000    499.24034   -144301.75    -142236.8    1241.4983    358997.67    71.488243    70.864463    70.864463 
10400000    498.40461    -144302.6    -142241.1    895.03488    358997.67    71.482357     70.86738     70.86738 
10500000    504.74704   -144303.09   -142215.36     1374.288    358997.67    71.476291    70.870388    70.870388 
10600000     500.3002    -144293.9   -142224.57    1396.4105    358997.67    71.470047    70.873483    70.873483 
10700000    499.71171   -144314.45   -142247.54    943.34411    358997.67    71.463629    70.876666    70.876666 
10800000    502.09874   -144298.17   -142221.39    1515.4816    358997.67    71.457039    70.879934    70.879934 
10900000    499.19522   -144282.96   -142218.19    1510.8694    358997.67     71.45028    70.883286    70.883286 
11000000     501.7995   -144311.46   -142235.92    1268.8777    358997.67    71.443355    70.886722    70.886722 
11100000    499.80654   -144294.29   -142226.99    1992.2682    358997.67    71.436267    70.890238    70.890238 
11200000    497.07603   -144265.46   -142209.46    2072.0777    358997.67    71.429019    70.893835    70.893835 
11300000    497.81047   -144308.08   -142249.03    1171.8742    358997.67    71.421614     70.89751     70.89751 
11400000    501.17953   -144285.25   -142212.28    1809.0145    358997.67    71.414056    70.901261    70.901261 
11500000    499.10347   -144305.91   -142241.52    1222.7301    358997.67    71.406348    70.905088    70.905088 
11600000     499.4891   -144288.91   -142222.93    1248.7701    358997.67    71.398493    70.908988    70.908988 
11700000    502.52033   -144305.28   -142226.76    972.69371    358997.67    71.390495     70.91296     70.91296 
11800000    499.18164   -144288.35   -142223.64    1667.6014    358997.67    71.382356    70.917003    70.917003 
11900000    500.36022   -144296.09   -142226.51    1483.8701    358997.67    71.374082    70.921113    70.921113 
12000000    494.02164   -144285.58   -142242.21    1624.8197    358997.67    71.365675     70.92529     70.92529 
