units           metal
boundary        p p p
atom_style      atomic
read_data      /HOME/hust_hbyu_1/Samples/Ni80P20_C20/dat/T450.dat
  orthogonal box = (-35.4957 -35.4957 -35.4957) to (35.4957 35.4957 35.4957)
  4 by 5 by 6 MPI processor grid
  reading atoms ...
  32000 atoms
  reading velocities ...
  32000 velocities
pair_style      eam/alloy
pair_coeff      * *   /HOME/hust_hbyu_1/Samples/Ni80P20_C20/dat/NiP.lammps.eam Ni P
mass            1  58.69
mass			2  30.97
neigh_modify    delay 5
timestep 0.01
thermo 100000
reset_timestep 0
thermo_style custom step temp pe etotal press vol lx ly lz
fix             1 all nvt temp 450 450 0.5
thermo_modify flush yes
fix dsf all deform 1 x  wiggle 0.5    300000.0   y volume z volume units box
fix ps1 all ave/time 1 1 300000 c_thermo_press[1] c_thermo_press[2]  c_thermo_press[3] c_thermo_press[4]  c_thermo_press[5] c_thermo_press[6]  file  YDMA450K-stress-300ns.txt
dump            1 all custom 10000000 YDMA450K-300ns.lammpstrj id type x y z
dump_modify 1 sort id
run 150000000
Neighbor list info ...
  1 neighbor list requests
  update every 1 steps, delay 5 steps, check yes
  master list distance cutoff = 8.5
  ghost atom cutoff = 8.5
Memory usage per processor = 3.5123 Mbytes
Step Temp PotEng TotEng Press Volume Lx Ly Lz 
       0    453.60491   -144637.67   -142761.47    1536.2465    357780.73    70.991385    70.991385    70.991385 
  100000    446.70486   -144580.59   -142732.94    2198.6651    357780.73    71.001856     70.98615     70.98615 
  200000    447.40531   -144565.03   -142714.48    1945.3086    357780.73    71.012323    70.980918    70.980918 
  300000    448.43179   -144584.68   -142729.88     2222.588    357780.73     71.02278    70.975692    70.975692 
  400000    451.89484   -144567.89   -142698.76    2051.7087    357780.73    71.033224    70.970475    70.970475 
  500000    445.52028   -144569.11   -142726.36    2131.8226    357780.73    71.043649    70.965267    70.965267 
  600000    449.28531   -144551.54   -142693.21    2205.0409    357780.73    71.054051    70.960072    70.960072 
  700000    451.80128   -144552.21   -142683.47    2693.6195    357780.73    71.064426    70.954892    70.954892 
  800000    456.22471   -144553.65   -142666.62    3027.4791    357780.73    71.074769    70.949729    70.949729 
  900000     448.8983   -144570.95   -142714.22    2477.2548    357780.73    71.085075    70.944586    70.944586 
 1000000    449.19618   -144569.69   -142711.73     2310.407    357780.73    71.095341    70.939464    70.939464 
 1100000    449.27331   -144565.65   -142707.37    2257.3725    357780.73     71.10556    70.934366    70.934366 
 1200000    452.71962   -144586.75   -142714.22    1843.5076    357780.73     71.11573    70.929294    70.929294 
 1300000    447.52456    -144582.9   -142731.85    1974.7883    357780.73    71.125845     70.92425     70.92425 
 1400000     448.1307   -144557.57   -142704.01    2213.4811    357780.73    71.135901    70.919237    70.919237 
 1500000    450.97935   -144561.91   -142696.57    2586.5449    357780.73    71.145893    70.914256    70.914256 
 1600000    447.27012   -144573.01   -142723.01    2446.4711    357780.73    71.155818    70.909311    70.909311 
 1700000    450.81601   -144575.22   -142710.56    2139.7611    357780.73    71.165671    70.904402    70.904402 
 1800000    451.64711   -144555.13   -142687.03    2615.4341    357780.73    71.175447    70.899532    70.899532 
 1900000      449.556   -144568.93   -142709.48    2292.9192    357780.73    71.185143    70.894704    70.894704 
 2000000    448.37529   -144569.18   -142714.61    2432.2555    357780.73    71.194753    70.889919    70.889919 
 2100000    452.06339   -144571.59   -142701.77      2353.77    357780.73    71.204274    70.885179    70.885179 
 2200000    453.90781   -144563.15    -142685.7    2320.5759    357780.73    71.213702    70.880486    70.880486 
 2300000    452.46675    -144566.2   -142694.71    2248.4167    357780.73    71.223033    70.875843    70.875843 
 2400000     451.5908   -144576.51   -142708.64    2331.2412    357780.73    71.232262    70.871252    70.871252 
 2500000      446.445   -144576.32   -142729.73    1988.3029    357780.73    71.241385    70.866714    70.866714 
 2600000    448.78434    -144573.4   -142717.14    2501.4505    357780.73    71.250398    70.862231    70.862231 
 2700000     450.6441   -144562.58   -142698.62    2348.5757    357780.73    71.259298    70.857806    70.857806 
 2800000    448.98537   -144561.46   -142704.37    2360.7046    357780.73    71.268081     70.85344     70.85344 
 2900000    447.61714    -144572.4   -142720.97    2400.1775    357780.73    71.276742    70.849135    70.849135 
 3000000    447.33189   -144569.16   -142718.91     2162.802    357780.73    71.285277    70.844893    70.844893 
 3100000    448.31276   -144563.83   -142709.52    2348.2689    357780.73    71.293684    70.840716    70.840716 
 3200000    449.51088   -144578.64   -142719.38    2118.0694    357780.73    71.301959    70.836606    70.836606 
 3300000    449.51516   -144578.27   -142718.98    2177.7768    357780.73    71.310097    70.832563    70.832563 
 3400000    450.64511   -144563.61   -142699.65    2367.1873    357780.73    71.318095    70.828591    70.828591 
 3500000    451.06387   -144575.74   -142710.06    2177.9512    357780.73     71.32595    70.824691    70.824691 
 3600000    450.79178   -144567.19   -142702.62    2179.9434    357780.73    71.333658    70.820864    70.820864 
 3700000    446.90904   -144571.68   -142723.18    2133.5513    357780.73    71.341216    70.817113    70.817113 
 3800000    450.08328    -144549.7   -142688.07    2359.8941    357780.73    71.348621    70.813438    70.813438 
 3900000    448.59056   -144563.88   -142708.42    2219.1039    357780.73    71.355869    70.809841    70.809841 
 4000000    450.56535   -144570.73    -142707.1    2485.8423    357780.73    71.362957    70.806325    70.806325 
 4100000     448.4065   -144562.09   -142707.39    2257.7345    357780.73    71.369882    70.802889    70.802889 
 4200000    450.53783   -144564.56   -142701.05    2589.2545    357780.73    71.376641    70.799537    70.799537 
 4300000    451.20013   -144561.98   -142695.73    2500.4496    357780.73    71.383232    70.796269    70.796269 
 4400000     448.5188   -144549.03   -142693.87    2675.4812    357780.73     71.38965    70.793086    70.793086 
 4500000     450.7482   -144575.68    -142711.3    2265.2938    357780.73    71.395893    70.789991    70.789991 
 4600000    452.31685   -144548.08   -142677.21    2563.1573    357780.73    71.401959    70.786984    70.786984 
 4700000    449.32088   -144569.78    -142711.3     2418.994    357780.73    71.407845    70.784066    70.784066 
 4800000    449.69656   -144565.93    -142705.9    2150.6142    357780.73    71.413549     70.78124     70.78124 
 4900000    452.86644   -144566.72   -142693.57    2069.2833    357780.73    71.419067    70.778505    70.778505 
 5000000    452.23836   -144555.81   -142685.26    2309.4496    357780.73    71.424398    70.775864    70.775864 
 5100000     448.2582   -144564.24   -142710.15      2433.37    357780.73    71.429538    70.773317    70.773317 
 5200000    454.53502   -144553.98   -142673.94    2355.2861    357780.73    71.434487    70.770866    70.770866 
 5300000    446.37084   -144564.85   -142718.57    2444.4567    357780.73    71.439241    70.768511    70.768511 
 5400000      451.296   -144562.27   -142695.62    2403.5748    357780.73    71.443798    70.766254    70.766254 
 5500000    452.87392   -144573.21   -142700.04    2067.6915    357780.73    71.448158    70.764095    70.764095 
 5600000    448.26743   -144574.85   -142720.73    2046.2499    357780.73    71.452316    70.762035    70.762035 
 5700000    453.36953   -144566.04   -142690.81    2174.2672    357780.73    71.456273    70.760076    70.760076 
 5800000    449.17548   -144572.34   -142714.46    2415.2827    357780.73    71.460026    70.758218    70.758218 
 5900000    450.36423    -144541.5   -142678.71    2699.7991    357780.73    71.463573    70.756462    70.756462 
 6000000    450.66437   -144558.67   -142694.64    2876.0252    357780.73    71.466913    70.754809    70.754809 
 6100000    444.94814   -144562.28   -142721.88    2298.8926    357780.73    71.470045    70.753258    70.753258 
 6200000    448.52221   -144567.82   -142712.64     2515.203    357780.73    71.472966    70.751812    70.751812 
 6300000    446.95723   -144560.26   -142711.56    2367.5074    357780.73    71.475676    70.750471    70.750471 
 6400000    451.39374   -144559.68   -142692.63    2253.6855    357780.73    71.478174    70.749235    70.749235 
 6500000    445.45437   -144567.54   -142725.05    2119.0964    357780.73    71.480459    70.748104    70.748104 
 6600000    445.93214   -144566.34   -142721.87    2531.3961    357780.73    71.482528     70.74708     70.74708 
 6700000    444.23978   -144579.44   -142741.97    2074.5741    357780.73    71.484383    70.746162    70.746162 
 6800000    449.49138   -144565.45   -142706.27    2445.2176    357780.73    71.486021    70.745352    70.745352 
 6900000    447.86457   -144560.38   -142707.92    2271.2048    357780.73    71.487442    70.744648    70.744648 
 7000000    447.83654   -144562.82   -142710.48    2283.9795    357780.73    71.488646    70.744053    70.744053 
 7100000    449.31592   -144572.78   -142714.33    2105.0881    357780.73    71.489631    70.743565    70.743565 
 7200000    449.19367   -144565.75    -142707.8    2126.8619    357780.73    71.490398    70.743186    70.743186 
 7300000    451.84882   -144584.01   -142715.08    2034.3784    357780.73    71.490946    70.742915    70.742915 
 7400000    451.04851   -144579.75   -142714.12    2230.8596    357780.73    71.491275    70.742752    70.742752 
 7500000    450.70605    -144568.3   -142704.09    2402.9645    357780.73    71.491385    70.742698    70.742698 
 7600000    446.23387   -144558.78   -142713.07    2471.0768    357780.73    71.491275    70.742752    70.742752 
 7700000    453.03895   -144565.52   -142691.66    2520.2883    357780.73    71.490946    70.742915    70.742915 
 7800000    447.72818   -144563.94   -142712.04    2381.8886    357780.73    71.490398    70.743186    70.743186 
 7900000    452.98229   -144548.37   -142674.75    2709.3475    357780.73    71.489631    70.743565    70.743565 
 8000000    446.49332      -144561   -142714.22    2546.0619    357780.73    71.488646    70.744053    70.744053 
 8100000    445.71096   -144571.15    -142727.6    1998.1033    357780.73    71.487442    70.744648    70.744648 
 8200000    452.17246   -144572.21   -142701.93    2298.7652    357780.73    71.486021    70.745352    70.745352 
 8300000    452.89042   -144576.62   -142703.37    2194.5774    357780.73    71.484383    70.746162    70.746162 
 8400000    449.86151    -144561.5   -142700.78    2514.9654    357780.73    71.482528     70.74708     70.74708 
 8500000    451.12166   -144563.19   -142697.26    2550.2962    357780.73    71.480459    70.748104    70.748104 
 8600000    445.31648   -144547.37   -142705.46    2495.3509    357780.73    71.478174    70.749235    70.749235 
 8700000    453.06511   -144569.37    -142695.4    2444.5902    357780.73    71.475676    70.750471    70.750471 
 8800000    447.65938   -144555.51   -142703.91    2276.0931    357780.73    71.472966    70.751812    70.751812 
 8900000    449.41417   -144566.16    -142707.3    2290.8732    357780.73    71.470045    70.753258    70.753258 
 9000000    449.08776   -144568.07   -142710.55    2239.1703    357780.73    71.466913    70.754809    70.754809 
 9100000    449.26395    -144569.6   -142711.36    2229.1197    357780.73    71.463573    70.756462    70.756462 
 9200000    450.96439   -144559.24   -142693.96    2643.2927    357780.73    71.460026    70.758218    70.758218 
 9300000    447.61213   -144568.22   -142716.81    2318.5761    357780.73    71.456273    70.760076    70.760076 
 9400000    448.98009    -144557.3   -142700.23    2447.6084    357780.73    71.452316    70.762035    70.762035 
 9500000    448.20598    -144565.6   -142711.73     2214.077    357780.73    71.448158    70.764095    70.764095 
 9600000    450.47243   -144554.88   -142691.64    2474.0859    357780.73    71.443798    70.766254    70.766254 
 9700000    450.29199   -144566.43   -142703.93    2090.6915    357780.73    71.439241    70.768511    70.768511 
 9800000    448.59939   -144575.19    -142719.7    2058.6735    357780.73    71.434487    70.770866    70.770866 
 9900000    448.87268   -144574.51   -142717.89    2064.3307    357780.73    71.429538    70.773317    70.773317 
10000000    453.48636   -144566.05   -142690.34    2510.9512    357780.73    71.424398    70.775864    70.775864 
10100000     445.5492    -144555.1   -142712.22     2493.338    357780.73    71.419067    70.778505    70.778505 
10200000    451.02799   -144565.82   -142700.28      2565.93    357780.73    71.413549     70.78124     70.78124 
10300000    452.10399   -144569.15   -142699.16    2200.5448    357780.73    71.407845    70.784066    70.784066 
10400000    452.45996   -144561.04   -142689.58    2184.6625    357780.73    71.401959    70.786984    70.786984 
10500000    449.86509   -144568.01   -142707.28    2052.7683    357780.73    71.395893    70.789991    70.789991 
10600000    452.16236   -144569.04    -142698.8    2481.5004    357780.73     71.38965    70.793086    70.793086 
10700000    450.24247   -144560.95   -142698.66    2755.9656    357780.73    71.383232    70.796269    70.796269 
10800000    450.63599   -144556.39   -142692.47    2426.6626    357780.73    71.376641    70.799537    70.799537 
10900000    450.53458   -144563.41   -142699.91    2491.6863    357780.73    71.369882    70.802889    70.802889 
11000000    447.65973   -144561.98   -142710.38     2104.386    357780.73    71.362957    70.806325    70.806325 
11100000    451.07853   -144570.49   -142704.74    2481.7375    357780.73    71.355869    70.809841    70.809841 
11200000    446.85825   -144577.95   -142729.66    1991.0922    357780.73    71.348621    70.813438    70.813438 
11300000     449.4424   -144582.49    -142723.5    2141.2068    357780.73    71.341216    70.817113    70.817113 
11400000    449.14989   -144566.26   -142708.49     2284.754    357780.73    71.333658    70.820864    70.820864 
11500000    449.34688   -144562.97   -142704.38    2885.4141    357780.73     71.32595    70.824691    70.824691 
11600000     450.4927   -144584.79   -142721.46    1869.1853    357780.73    71.318095    70.828591    70.828591 
11700000    449.68215   -144573.12   -142713.15    2049.1665    357780.73    71.310097    70.832563    70.832563 
11800000    449.35444   -144574.96   -142716.34    2243.1128    357780.73    71.301959    70.836606    70.836606 
11900000    452.07089   -144551.17   -142681.32    2642.2076    357780.73    71.293684    70.840716    70.840716 
12000000    448.55073    -144570.8   -142715.51     2375.173    357780.73    71.285277    70.844893    70.844893 
12100000    448.70247   -144585.64   -142729.72    1969.0046    357780.73    71.276742    70.849135    70.849135 
12200000     449.0617   -144558.76   -142701.35    2478.3747    357780.73    71.268081     70.85344     70.85344 
12300000     449.6846   -144561.95   -142701.96    2604.5174    357780.73    71.259298    70.857806    70.857806 
12400000    450.00645   -144554.24   -142692.93    2674.8992    357780.73    71.250398    70.862231    70.862231 
12500000    450.50322   -144576.39   -142713.02     2404.905    357780.73    71.241385    70.866714    70.866714 
12600000    450.65448   -144574.27   -142710.27    2307.0141    357780.73    71.232262    70.871252    70.871252 
12700000     452.0383   -144573.27   -142703.55    2286.0707    357780.73    71.223033    70.875843    70.875843 
12800000    451.83069   -144560.27   -142691.41    2373.7259    357780.73    71.213702    70.880486    70.880486 
12900000    446.15093   -144581.34   -142735.97    2065.5583    357780.73    71.204274    70.885179    70.885179 
13000000    451.20707   -144565.97   -142699.69    2263.0855    357780.73    71.194753    70.889919    70.889919 
13100000    451.58235   -144562.96   -142695.13    2122.6264    357780.73    71.185143    70.894704    70.894704 
13200000     451.0424   -144571.65   -142706.05    2075.2451    357780.73    71.175447    70.899532    70.899532 
13300000    450.22316   -144581.09   -142718.88    2142.7849    357780.73    71.165671    70.904402    70.904402 
13400000    450.38759   -144575.75   -142712.85    2180.0833    357780.73    71.155818    70.909311    70.909311 
13500000    449.71293   -144577.07   -142716.97    2532.6155    357780.73    71.145893    70.914256    70.914256 
13600000    448.64796   -144564.72   -142709.03    2544.8917    357780.73    71.135901    70.919237    70.919237 
13700000    446.82037   -144588.11   -142739.97    2333.4555    357780.73    71.125845     70.92425     70.92425 
13800000    449.24174   -144582.53   -142724.38    2073.9914    357780.73     71.11573    70.929294    70.929294 
13900000    449.20852   -144566.38   -142708.37    2240.1052    357780.73     71.10556    70.934366    70.934366 
14000000    450.86073   -144555.38   -142690.54    2541.4883    357780.73    71.095341    70.939464    70.939464 
14100000    447.93923   -144560.25   -142707.48     2600.162    357780.73    71.085075    70.944586    70.944586 
14200000    449.24842   -144577.44   -142719.26    2280.8661    357780.73    71.074769    70.949729    70.949729 
14300000    450.78684   -144584.47   -142719.92    1963.8379    357780.73    71.064426    70.954892    70.954892 
14400000    451.05302   -144568.22   -142702.58    2292.6396    357780.73    71.054051    70.960072    70.960072 
14500000    450.97526   -144570.08   -142704.76    2109.2306    357780.73    71.043649    70.965267    70.965267 
14600000    448.98703   -144576.49   -142719.39     2230.099    357780.73    71.033224    70.970475    70.970475 
14700000    447.19335   -144564.76   -142715.08    2462.4958    357780.73     71.02278    70.975692    70.975692 
14800000    451.50754   -144581.63   -142714.11    2137.7422    357780.73    71.012323    70.980918    70.980918 
14900000    450.64368   -144567.81   -142703.86    2686.5257    357780.73    71.001856     70.98615     70.98615 
15000000    447.92292   -144570.45   -142717.76    2112.1053    357780.73    70.991385    70.991385    70.991385 
15100000    448.10592   -144586.12   -142732.67    1860.9634    357780.73    70.980914    70.996621    70.996621 
15200000    449.62602   -144574.67   -142714.93    2114.3077    357780.73    70.970447    71.001856    71.001856 
15300000    453.01846   -144567.76   -142693.99    2088.0877    357780.73     70.95999    71.007088    71.007088 
15400000    451.63396   -144579.52   -142711.47    2114.0456    357780.73    70.949546    71.012314    71.012314 
15500000    448.24843      -144572   -142717.96    2234.4875    357780.73    70.939121    71.017531    71.017531 
15600000    448.98273   -144574.06   -142716.98    2606.9898    357780.73    70.928718    71.022739    71.022739 
15700000    451.18722   -144578.89   -142712.69    2187.8234    357780.73    70.918343    71.027934    71.027934 
15800000    448.45841   -144567.33   -142712.41    2182.3358    357780.73       70.908    71.033114    71.033114 
15900000    452.51157   -144564.21   -142692.53    2585.2453    357780.73    70.897694    71.038277    71.038277 
16000000    450.47102   -144555.35   -142692.11     2483.993    357780.73    70.887429     71.04342     71.04342 
16100000     452.8741      -144569   -142695.82     2230.085    357780.73    70.877209    71.048541    71.048541 
16200000    447.95081   -144563.61    -142710.8    2481.4283    357780.73     70.86704    71.053639    71.053639 
16300000    449.97837   -144581.94   -142720.74    2010.3748    357780.73    70.856925     71.05871     71.05871 
16400000     448.0633   -144562.67    -142709.4    2478.9939    357780.73    70.846869    71.063753    71.063753 
16500000    451.84068   -144568.76   -142699.86    2169.0589    357780.73    70.836876    71.068765    71.068765 
16600000    452.10761   -144558.66   -142688.65    2345.1046    357780.73    70.826951    71.073745    71.073745 
16700000    452.01611   -144570.55   -142700.93    2361.3233    357780.73    70.817099    71.078689    71.078689 
16800000    449.43544   -144560.44   -142701.48    2540.6535    357780.73    70.807323    71.083595    71.083595 
16900000    451.53056   -144576.02    -142708.4    2038.5267    357780.73    70.797627    71.088462    71.088462 
17000000    451.89231   -144565.61   -142696.49    2036.2791    357780.73    70.788016    71.093288    71.093288 
17100000    449.98857    -144583.3   -142722.06    2043.7755    357780.73    70.778495     71.09807     71.09807 
17200000    449.56241   -144573.89   -142714.42    2206.9332    357780.73    70.769067    71.102805    71.102805 
17300000    449.00707   -144569.71   -142712.53    2464.8207    357780.73    70.759737    71.107493    71.107493 
17400000    454.27416    -144567.9   -142688.93    2590.3355    357780.73    70.750508    71.112131    71.112131 
17500000    450.02862   -144564.64   -142703.24    2555.7852    357780.73    70.741385    71.116716    71.116716 
17600000    449.10531   -144590.19    -142732.6    1641.6476    357780.73    70.732371    71.121247    71.121247 
17700000     448.3182   -144569.99   -142715.66    2130.1975    357780.73    70.723471    71.125722    71.125722 
17800000    448.47541   -144569.09   -142714.11    2266.7053    357780.73    70.714689    71.130138    71.130138 
17900000    452.47681   -144569.78   -142698.25    2283.8673    357780.73    70.706028    71.134495    71.134495 
18000000    449.96486   -144580.33   -142719.18    1872.2031    357780.73    70.697492    71.138789    71.138789 
18100000    447.29017   -144553.57   -142703.49    1974.0604    357780.73    70.689085    71.143019    71.143019 
18200000    447.50047   -144563.32   -142712.37    2298.1891    357780.73    70.680811    71.147183    71.147183 
18300000    449.66504      -144574    -142714.1    2252.0646    357780.73    70.672673    71.151279    71.151279 
18400000    449.73292   -144564.14   -142703.96    2526.1792    357780.73    70.664675    71.155306    71.155306 
18500000     453.2235   -144570.48   -142695.86    2253.0223    357780.73     70.65682    71.159261    71.159261 
18600000    451.97168   -144578.67   -142709.23    2424.6612    357780.73    70.649111    71.163143    71.163143 
18700000    451.60839   -144566.38   -142698.44    2395.3784    357780.73    70.641553     71.16695     71.16695 
18800000    452.88358   -144568.14   -142694.93    2603.0852    357780.73    70.634148     71.17068     71.17068 
18900000    448.65277   -144578.24   -142722.52    2145.3522    357780.73      70.6269    71.174332    71.174332 
19000000     448.1969   -144556.82   -142702.99    2162.3866    357780.73    70.619812    71.177904    71.177904 
19100000    447.17844   -144567.74   -142718.12    2346.5309    357780.73    70.612887    71.181394    71.181394 
19200000    449.27333   -144555.11   -142696.83    2559.0168    357780.73    70.606128    71.184801    71.184801 
19300000    448.23511   -144564.25   -142710.26    2500.3077    357780.73    70.599538    71.188123    71.188123 
19400000    453.60872   -144561.22   -142685.01    2471.6959    357780.73     70.59312    71.191359    71.191359 
19500000    447.59658   -144570.89   -142719.55    2038.0692    357780.73    70.586876    71.194508    71.194508 
19600000    448.07609   -144569.95   -142716.62    2302.4651    357780.73     70.58081    71.197567    71.197567 
19700000    450.81637   -144559.02   -142694.35     2587.453    357780.73    70.574924    71.200536    71.200536 
19800000    450.11101   -144563.64   -142701.89    2214.1268    357780.73    70.569221    71.203413    71.203413 
19900000    450.01955    -144570.6   -142709.23    1972.8618    357780.73    70.563703    71.206197    71.206197 
20000000    450.60521   -144560.74   -142696.94    2613.6941    357780.73    70.558372    71.208887    71.208887 
20100000    445.61022   -144581.52   -142738.39    1992.6325    357780.73    70.553231    71.211481    71.211481 
20200000    448.61748   -144565.11   -142709.54    2677.3896    357780.73    70.548283    71.213978    71.213978 
20300000    449.59221    -144560.4    -142700.8    2582.5735    357780.73    70.543529    71.216378    71.216378 
20400000    454.31353   -144575.65   -142696.52    2296.8571    357780.73    70.538971    71.218679    71.218679 
20500000     449.9121   -144566.23    -142705.3    2631.3465    357780.73    70.534612    71.220879    71.220879 
20600000    448.82403   -144584.45   -142728.03    2261.8852    357780.73    70.530453    71.222979    71.222979 
20700000    450.26948   -144574.46   -142712.06    2087.2596    357780.73    70.526497    71.224977    71.224977 
20800000    449.45196   -144564.34   -142705.31    2347.6146    357780.73    70.522744    71.226872    71.226872 
20900000    453.74344    -144565.3   -142688.53    2416.6402    357780.73    70.519197    71.228663    71.228663 
21000000    450.50435   -144562.57    -142699.2    2319.9494    357780.73    70.515857     71.23035     71.23035 
21100000    448.77571   -144565.06   -142708.83     2483.519    357780.73    70.512725    71.231932    71.231932 
21200000    456.76008   -144586.98   -142697.73    1925.3022    357780.73    70.509804    71.233407    71.233407 
21300000    450.93524   -144564.02   -142698.86    2066.8629    357780.73    70.507093    71.234777    71.234777 
21400000     454.0149   -144559.94   -142682.04    2259.6957    357780.73    70.504595    71.236038    71.236038 
21500000    449.05119   -144552.06    -142694.7    2426.3068    357780.73    70.502311    71.237193    71.237193 
21600000    450.43797   -144560.14   -142697.04    2362.1109    357780.73    70.500241    71.238238    71.238238 
21700000    449.12395   -144556.83   -142699.16    2702.1908    357780.73    70.498387    71.239175    71.239175 
21800000    449.42581   -144573.38   -142714.46    2061.2686    357780.73    70.496749    71.240003    71.240003 
21900000    449.37232   -144571.23   -142712.54     2361.985    357780.73    70.495327    71.240721    71.240721 
22000000    451.64667   -144557.76   -142689.66    2514.8319    357780.73    70.494124    71.241329    71.241329 
22100000    449.19981   -144554.61   -142696.63    2550.6764    357780.73    70.493138    71.241827    71.241827 
22200000    450.50278   -144569.94   -142706.58    2220.3239    357780.73    70.492371    71.242215    71.242215 
22300000    449.96042   -144577.49   -142716.37    2262.7735    357780.73    70.491823    71.242492    71.242492 
22400000    448.21502   -144588.01   -142734.11    1753.1107    357780.73    70.491494    71.242658    71.242658 
22500000    448.50132   -144570.09      -142715    2359.4404    357780.73    70.491385    71.242713    71.242713 
22600000    452.11119    -144575.9   -142705.88    2338.1679    357780.73    70.491494    71.242658    71.242658 
22700000    451.41157    -144568.2   -142701.08    1946.7831    357780.73    70.491823    71.242492    71.242492 
22800000    449.02723   -144566.43   -142709.17    2236.6677    357780.73    70.492371    71.242215    71.242215 
22900000    449.39286   -144563.83   -142705.05    2644.7884    357780.73    70.493138    71.241827    71.241827 
23000000    453.08793   -144561.78   -142687.72    2522.9752    357780.73    70.494124    71.241329    71.241329 
23100000    443.48929   -144568.33   -142733.97    1915.8977    357780.73    70.495327    71.240721    71.240721 
23200000    447.90453   -144562.39   -142709.77    2549.9313    357780.73    70.496749    71.240003    71.240003 
23300000     447.8672   -144573.68   -142721.21    2159.0956    357780.73    70.498387    71.239175    71.239175 
23400000    450.50315   -144574.81   -142711.44    2037.5662    357780.73    70.500241    71.238238    71.238238 
23500000    452.96273   -144564.56   -142691.01    2158.7519    357780.73    70.502311    71.237193    71.237193 
23600000    455.47448   -144569.98   -142686.05    2312.5745    357780.73    70.504595    71.236038    71.236038 
23700000    448.00775   -144568.88   -142715.84    2203.3994    357780.73    70.507093    71.234777    71.234777 
23800000    454.10723   -144563.99   -142685.71    2312.5102    357780.73    70.509804    71.233407    71.233407 
23900000    449.79627   -144566.17   -142705.72    2137.4555    357780.73    70.512725    71.231932    71.231932 
24000000    447.64344   -144567.04    -142715.5    2462.3311    357780.73    70.515857     71.23035     71.23035 
24100000    453.35804   -144565.91   -142690.74    2390.0209    357780.73    70.519197    71.228663    71.228663 
24200000    451.79891   -144562.17   -142693.45    2463.3229    357780.73    70.522744    71.226872    71.226872 
24300000    449.40399   -144557.88   -142699.05    2386.1647    357780.73    70.526497    71.224977    71.224977 
24400000    449.61944   -144576.74   -142717.03    1883.3134    357780.73    70.530453    71.222979    71.222979 
24500000    452.40865   -144572.59   -142701.34    2214.6716    357780.73    70.534612    71.220879    71.220879 
24600000    452.42418   -144564.11    -142692.8    2361.1078    357780.73    70.538971    71.218679    71.218679 
24700000    454.28175   -144560.92   -142681.93    2383.6169    357780.73    70.543529    71.216378    71.216378 
24800000    449.65612   -144580.64   -142720.77    2208.5493    357780.73    70.548283    71.213978    71.213978 
24900000    450.47691   -144586.56    -142723.3    1936.6843    357780.73    70.553231    71.211481    71.211481 
25000000    450.61944   -144561.41   -142697.56    2378.8904    357780.73    70.558372    71.208887    71.208887 
25100000    446.98135   -144559.95   -142711.14    2473.6139    357780.73    70.563703    71.206197    71.206197 
25200000    451.43002   -144560.42   -142693.22      2303.92    357780.73    70.569221    71.203413    71.203413 
25300000    457.57109    -144566.2   -142673.59    2560.4657    357780.73    70.574924    71.200536    71.200536 
25400000    452.16989   -144573.85   -142703.59    2456.2248    357780.73     70.58081    71.197567    71.197567 
25500000    452.72298   -144566.22   -142693.67    2353.0176    357780.73    70.586876    71.194508    71.194508 
25600000    451.43712   -144573.87   -142706.64    2026.1397    357780.73     70.59312    71.191359    71.191359 
25700000    448.50819   -144571.51   -142716.39    1917.2653    357780.73    70.599538    71.188123    71.188123 
25800000    453.03309   -144566.58   -142692.75    2208.7143    357780.73    70.606128    71.184801    71.184801 
25900000    452.69503   -144570.26   -142697.82      1796.81    357780.73    70.612887    71.181394    71.181394 
26000000    451.62786    -144574.2   -142706.18    2222.1483    357780.73    70.619812    71.177904    71.177904 
26100000    448.89945   -144573.71   -142716.98    2124.4197    357780.73      70.6269    71.174332    71.174332 
26200000    449.44324   -144576.98   -142717.99      2222.76    357780.73    70.634148     71.17068     71.17068 
26300000    449.50744    -144547.9   -142688.65    2736.9802    357780.73    70.641553     71.16695     71.16695 
26400000    451.54458    -144562.6   -142694.92    2156.5328    357780.73    70.649111    71.163143    71.163143 
26500000    447.90656   -144566.13    -142713.5    2212.1853    357780.73     70.65682    71.159261    71.159261 
26600000    452.56499   -144568.74   -142696.85    2259.3657    357780.73    70.664675    71.155306    71.155306 
26700000    451.19316   -144569.67   -142703.45      2484.33    357780.73    70.672673    71.151279    71.151279 
26800000    450.01382   -144573.04    -142711.7    2321.1005    357780.73    70.680811    71.147183    71.147183 
26900000    451.68373   -144551.09   -142682.83     2278.822    357780.73    70.689085    71.143019    71.143019 
27000000     450.3139   -144577.29    -142714.7    2134.7432    357780.73    70.697492    71.138789    71.138789 
27100000    450.80762   -144578.24   -142713.61    2076.4158    357780.73    70.706028    71.134495    71.134495 
27200000     448.5377   -144570.33   -142715.09     2223.096    357780.73    70.714689    71.130138    71.130138 
27300000    447.70115   -144553.16   -142701.38    2478.8221    357780.73    70.723471    71.125722    71.125722 
27400000    447.05645   -144561.56   -142712.45    2380.1966    357780.73    70.732371    71.121247    71.121247 
27500000    448.70348   -144575.92      -142720    2192.0473    357780.73    70.741385    71.116716    71.116716 
27600000    449.07057   -144551.27   -142693.82    2444.5873    357780.73    70.750508    71.112131    71.112131 
27700000    449.91366   -144544.64   -142683.71    2724.9741    357780.73    70.759737    71.107493    71.107493 
27800000    451.90584    -144567.9   -142698.73    2291.2611    357780.73    70.769067    71.102805    71.102805 
27900000    451.51567   -144568.27   -142700.71    1997.0782    357780.73    70.778495     71.09807     71.09807 
28000000    448.79731   -144566.03   -142709.72    2052.8623    357780.73    70.788016    71.093288    71.093288 
28100000     450.3023   -144578.11   -142715.58    2068.1575    357780.73    70.797627    71.088462    71.088462 
28200000    452.70362   -144558.59   -142686.12    2237.1438    357780.73    70.807323    71.083595    71.083595 
28300000     452.9323   -144573.79   -142700.37    1980.9246    357780.73    70.817099    71.078689    71.078689 
28400000    449.73035   -144568.44   -142708.27    2274.5111    357780.73    70.826951    71.073745    71.073745 
28500000     448.7949   -144560.47   -142704.16    2192.1914    357780.73    70.836876    71.068765    71.068765 
28600000    450.11545   -144558.55   -142696.78     2352.254    357780.73    70.846869    71.063753    71.063753 
28700000    450.67295   -144563.57    -142699.5    2264.5219    357780.73    70.856925     71.05871     71.05871 
28800000    448.76882   -144560.24   -142704.05    2448.3147    357780.73     70.86704    71.053639    71.053639 
28900000    449.07306   -144564.04   -142706.58    2443.9195    357780.73    70.877209    71.048541    71.048541 
29000000    452.97848   -144565.26   -142691.65      2167.74    357780.73    70.887429     71.04342     71.04342 
29100000    449.62328   -144573.16   -142713.43    2207.5416    357780.73    70.897694    71.038277    71.038277 
29200000    451.91236   -144567.83   -142698.63    2052.8018    357780.73       70.908    71.033114    71.033114 
29300000    453.87784      -144571   -142693.68    2458.1678    357780.73    70.918343    71.027934    71.027934 
29400000    450.12774   -144563.72    -142701.9    2124.6507    357780.73    70.928718    71.022739    71.022739 
29500000    447.69742   -144560.51   -142708.74    2101.4615    357780.73    70.939121    71.017531    71.017531 
29600000    452.94619   -144568.52   -142695.04    2191.5361    357780.73    70.949546    71.012314    71.012314 
29700000    450.71802   -144565.55   -142701.29     2278.337    357780.73     70.95999    71.007088    71.007088 
29800000    450.70744   -144577.05   -142712.83    1637.3863    357780.73    70.970447    71.001856    71.001856 
29900000    451.14334   -144581.36   -142715.35    1800.5248    357780.73    70.980914    70.996621    70.996621 
30000000    451.01114   -144560.46   -142694.99    2499.0378    357780.73    70.991385    70.991385    70.991385 
30100000    447.93821   -144577.78   -142725.02    2108.0752    357780.73    71.001856     70.98615     70.98615 
30200000     452.4415    -144573.1   -142701.71    2030.9577    357780.73    71.012323    70.980918    70.980918 
30300000    449.95896   -144574.76   -142713.64    2256.7714    357780.73     71.02278    70.975692    70.975692 
30400000    450.96047   -144572.65   -142707.39    2185.2063    357780.73    71.033224    70.970475    70.970475 
30500000    450.73727   -144575.14    -142710.8    1837.4214    357780.73    71.043649    70.965267    70.965267 
30600000    447.64229   -144571.52   -142719.99    2262.0788    357780.73    71.054051    70.960072    70.960072 
30700000    452.81049   -144570.94   -142698.03    2203.0072    357780.73    71.064426    70.954892    70.954892 
30800000    448.28779   -144570.88   -142716.67    2213.2063    357780.73    71.074769    70.949729    70.949729 
30900000    450.70913   -144554.41   -142690.19    2503.4581    357780.73    71.085075    70.944586    70.944586 
31000000    451.64314   -144581.26   -142713.18    1933.2115    357780.73    71.095341    70.939464    70.939464 
31100000    448.38926   -144587.48   -142732.85    1536.2812    357780.73     71.10556    70.934366    70.934366 
31200000    450.41148   -144559.32   -142696.33     2356.394    357780.73     71.11573    70.929294    70.929294 
31300000    452.76042    -144569.6   -142696.89    2203.1474    357780.73    71.125845     70.92425     70.92425 
31400000    449.55545   -144569.43   -142709.98    2118.0467    357780.73    71.135901    70.919237    70.919237 
31500000    453.58122   -144565.65   -142689.54    2310.5778    357780.73    71.145893    70.914256    70.914256 
31600000    451.28675   -144558.63   -142692.02    2358.6732    357780.73    71.155818    70.909311    70.909311 
31700000    451.26691   -144578.48   -142711.96    1988.0809    357780.73    71.165671    70.904402    70.904402 
31800000    448.25942   -144584.88   -142730.79    1869.4235    357780.73    71.175447    70.899532    70.899532 
31900000    447.20104    -144565.3   -142715.59    2600.4377    357780.73    71.185143    70.894704    70.894704 
32000000    450.80918   -144572.79   -142708.16    1838.6816    357780.73    71.194753    70.889919    70.889919 
32100000    448.19944   -144565.08   -142711.24    2283.7853    357780.73    71.204274    70.885179    70.885179 
32200000    449.09445    -144567.4   -142709.85     2441.553    357780.73    71.213702    70.880486    70.880486 
32300000    451.88545   -144565.35   -142696.26    2507.0171    357780.73    71.223033    70.875843    70.875843 
32400000    449.14852   -144568.61   -142710.85    2172.0435    357780.73    71.232262    70.871252    70.871252 
32500000    449.63758   -144564.29    -142704.5    2614.9175    357780.73    71.241385    70.866714    70.866714 
32600000    450.52324   -144552.94   -142689.49    2805.8802    357780.73    71.250398    70.862231    70.862231 
32700000    448.77413   -144570.73   -142714.52    2517.9002    357780.73    71.259298    70.857806    70.857806 
32800000    449.76004   -144575.11   -142714.82    1921.7416    357780.73    71.268081     70.85344     70.85344 
32900000    449.66614   -144578.33   -142718.42    2066.3797    357780.73    71.276742    70.849135    70.849135 
33000000    453.42099    -144565.7   -142690.26    1872.3404    357780.73    71.285277    70.844893    70.844893 
33100000    448.38875   -144580.99   -142726.37    2168.8099    357780.73    71.293684    70.840716    70.840716 
33200000    450.28953    -144562.8   -142700.32    2263.2395    357780.73    71.301959    70.836606    70.836606 
33300000    453.44343   -144561.52   -142685.99    2495.6067    357780.73    71.310097    70.832563    70.832563 
33400000     446.9684   -144572.63   -142723.88    2227.6184    357780.73    71.318095    70.828591    70.828591 
33500000    452.01207   -144562.16   -142692.55    2328.4336    357780.73     71.32595    70.824691    70.824691 
33600000    447.95741   -144563.49   -142710.65    2161.7375    357780.73    71.333658    70.820864    70.820864 
33700000    451.97081   -144554.28   -142684.84    2791.9238    357780.73    71.341216    70.817113    70.817113 
33800000    451.70381    -144561.5   -142693.16    2483.5107    357780.73    71.348621    70.813438    70.813438 
33900000    450.81093   -144557.63   -142692.98    2149.9248    357780.73    71.355869    70.809841    70.809841 
34000000    445.19009   -144569.37   -142727.97    2417.0749    357780.73    71.362957    70.806325    70.806325 
34100000    449.53978   -144554.22   -142694.84     2806.499    357780.73    71.369882    70.802889    70.802889 
34200000     445.0856   -144559.65   -142718.69    2388.0979    357780.73    71.376641    70.799537    70.799537 
34300000    449.03343   -144562.84   -142705.55    2345.5098    357780.73    71.383232    70.796269    70.796269 
34400000    444.54288   -144555.66   -142716.94    2305.5529    357780.73     71.38965    70.793086    70.793086 
34500000    447.64942    -144555.1   -142703.54    2346.5611    357780.73    71.395893    70.789991    70.789991 
34600000    449.77787   -144580.14   -142719.77    2164.7311    357780.73    71.401959    70.786984    70.786984 
34700000    452.23523   -144557.46   -142686.93    2310.9297    357780.73    71.407845    70.784066    70.784066 
34800000    452.17544   -144562.37   -142692.08    2514.9343    357780.73    71.413549     70.78124     70.78124 
34900000    449.89352    -144560.1   -142699.25    2766.8195    357780.73    71.419067    70.778505    70.778505 
35000000     450.9704   -144570.05   -142704.75    2031.8056    357780.73    71.424398    70.775864    70.775864 
35100000    450.66392   -144561.78   -142697.74    2362.3031    357780.73    71.429538    70.773317    70.773317 
35200000    449.98229   -144575.92    -142714.7    2099.8466    357780.73    71.434487    70.770866    70.770866 
35300000    448.05161   -144571.24   -142718.01     2179.497    357780.73    71.439241    70.768511    70.768511 
35400000      454.918   -144549.52   -142667.89    2745.9746    357780.73    71.443798    70.766254    70.766254 
35500000    451.88124   -144539.47    -142670.4    3113.8601    357780.73    71.448158    70.764095    70.764095 
35600000    453.09934   -144549.94   -142675.83    2510.9027    357780.73    71.452316    70.762035    70.762035 
35700000    449.24237   -144562.55    -142704.4     2326.784    357780.73    71.456273    70.760076    70.760076 
35800000    450.27933   -144552.58   -142690.14    2717.4074    357780.73    71.460026    70.758218    70.758218 
35900000    449.30053   -144556.09    -142697.7    2589.6016    357780.73    71.463573    70.756462    70.756462 
36000000    452.02476   -144556.71   -142687.04    2545.6204    357780.73    71.466913    70.754809    70.754809 
36100000    451.02683   -144565.65   -142700.12    1924.3283    357780.73    71.470045    70.753258    70.753258 
36200000    450.80811   -144561.23    -142696.6    2041.6053    357780.73    71.472966    70.751812    70.751812 
36300000    448.04844   -144563.61   -142710.39     2433.528    357780.73    71.475676    70.750471    70.750471 
36400000    449.56151   -144574.73   -142715.26    1988.0334    357780.73    71.478174    70.749235    70.749235 
36500000    447.54185   -144567.37   -142716.25    2413.5052    357780.73    71.480459    70.748104    70.748104 
36600000    451.77149   -144573.35   -142704.73    2335.9258    357780.73    71.482528     70.74708     70.74708 
36700000     450.3898   -144570.45   -142707.55    2118.3669    357780.73    71.484383    70.746162    70.746162 
36800000    450.55723   -144579.14   -142715.55    2354.6145    357780.73    71.486021    70.745352    70.745352 
36900000    451.35697   -144567.31    -142700.4    2602.5714    357780.73    71.487442    70.744648    70.744648 
37000000    451.10743    -144575.2   -142709.33    2032.7828    357780.73    71.488646    70.744053    70.744053 
37100000    452.57453   -144553.68   -142681.74    2466.2539    357780.73    71.489631    70.743565    70.743565 
37200000    450.98528   -144563.69   -142698.32    2314.4132    357780.73    71.490398    70.743186    70.743186 
37300000    449.27647   -144561.99   -142703.69    2288.8415    357780.73    71.490946    70.742915    70.742915 
37400000    445.89275   -144554.02   -142709.72    2240.5448    357780.73    71.491275    70.742752    70.742752 
37500000    450.20271   -144549.31   -142687.19    2770.3551    357780.73    71.491385    70.742698    70.742698 
37600000    449.11706   -144556.44   -142698.81    2337.2844    357780.73    71.491275    70.742752    70.742752 
37700000    450.90085   -144571.57   -142706.56    2088.6273    357780.73    71.490946    70.742915    70.742915 
37800000    452.41248   -144568.91   -142697.65     2135.566    357780.73    71.490398    70.743186    70.743186 
37900000    448.36565   -144551.31   -142696.78    2469.4649    357780.73    71.489631    70.743565    70.743565 
38000000    448.33748   -144558.49   -142704.08    2238.4379    357780.73    71.488646    70.744053    70.744053 
38100000    446.89333   -144569.21   -142720.78    2042.2587    357780.73    71.487442    70.744648    70.744648 
38200000    449.90389    -144548.2   -142687.31    2715.1876    357780.73    71.486021    70.745352    70.745352 
38300000    446.08734   -144551.12   -142706.01    2398.4255    357780.73    71.484383    70.746162    70.746162 
38400000    453.92015   -144566.57   -142689.07    2579.2175    357780.73    71.482528     70.74708     70.74708 
38500000    452.63608   -144558.32   -142686.13     2758.219    357780.73    71.480459    70.748104    70.748104 
38600000    449.29809   -144572.58    -142714.2    1845.7044    357780.73    71.478174    70.749235    70.749235 
38700000    450.98892   -144561.59   -142696.21    2212.7112    357780.73    71.475676    70.750471    70.750471 
38800000     450.6488    -144565.4   -142701.43    2205.7349    357780.73    71.472966    70.751812    70.751812 
38900000    445.98728   -144560.33   -142715.64     2490.469    357780.73    71.470045    70.753258    70.753258 
39000000    451.74473   -144576.97   -142708.47    2256.5334    357780.73    71.466913    70.754809    70.754809 
39100000    447.09354   -144563.06   -142713.79    2020.4137    357780.73    71.463573    70.756462    70.756462 
39200000    448.59904   -144557.54   -142702.04    2467.0576    357780.73    71.460026    70.758218    70.758218 
39300000    450.27054   -144555.04   -142692.64    2207.1148    357780.73    71.456273    70.760076    70.760076 
39400000    448.40252   -144556.13   -142701.45    2254.5247    357780.73    71.452316    70.762035    70.762035 
39500000    450.85946   -144565.45   -142700.61    2512.6618    357780.73    71.448158    70.764095    70.764095 
39600000    448.99382   -144565.91   -142708.78    2351.6807    357780.73    71.443798    70.766254    70.766254 
39700000    452.10263   -144582.25   -142712.27    1945.0923    357780.73    71.439241    70.768511    70.768511 
39800000    448.39405   -144573.62   -142718.97     2089.093    357780.73    71.434487    70.770866    70.770866 
39900000    447.57167   -144577.69   -142726.44    2196.8731    357780.73    71.429538    70.773317    70.773317 
40000000    448.97601   -144548.34   -142691.29     2465.502    357780.73    71.424398    70.775864    70.775864 
40100000    449.06262   -144576.43   -142719.02    2113.5967    357780.73    71.419067    70.778505    70.778505 
40200000    448.72356    -144572.9   -142716.89    2157.3562    357780.73    71.413549     70.78124     70.78124 
40300000    449.95355   -144578.39   -142717.29    2147.2147    357780.73    71.407845    70.784066    70.784066 
40400000    448.72616   -144569.31   -142713.29    2056.9367    357780.73    71.401959    70.786984    70.786984 
40500000    449.87115   -144576.85    -142716.1    1908.8875    357780.73    71.395893    70.789991    70.789991 
40600000    449.80182      -144579   -142718.53     2200.291    357780.73     71.38965    70.793086    70.793086 
40700000    451.51088    -144565.3   -142697.76    2293.0292    357780.73    71.383232    70.796269    70.796269 
40800000    447.19005   -144557.22   -142707.55    2506.8676    357780.73    71.376641    70.799537    70.799537 
40900000    449.37695   -144572.96   -142714.24     2237.493    357780.73    71.369882    70.802889    70.802889 
41000000    448.12167   -144571.02    -142717.5    1970.1482    357780.73    71.362957    70.806325    70.806325 
41100000    452.30689   -144572.29   -142701.46    2374.3227    357780.73    71.355869    70.809841    70.809841 
41200000    448.90396   -144559.56   -142702.81    2223.6834    357780.73    71.348621    70.813438    70.813438 
41300000    449.03484   -144557.15   -142699.85    2263.7485    357780.73    71.341216    70.817113    70.817113 
41400000    451.41802   -144568.91   -142701.75    2438.3805    357780.73    71.333658    70.820864    70.820864 
41500000    447.30651   -144572.73   -142722.58     1829.122    357780.73     71.32595    70.824691    70.824691 
41600000    449.54755   -144569.27   -142709.85    2211.4786    357780.73    71.318095    70.828591    70.828591 
41700000    449.63885   -144575.64   -142715.84    1869.5507    357780.73    71.310097    70.832563    70.832563 
41800000    449.87188   -144563.35    -142702.6    2092.5798    357780.73    71.301959    70.836606    70.836606 
41900000    449.23713    -144569.9   -142711.77    1991.4361    357780.73    71.293684    70.840716    70.840716 
42000000    445.52158   -144566.48   -142723.71    2197.5344    357780.73    71.285277    70.844893    70.844893 
42100000    453.99981   -144563.83      -142686    2190.0619    357780.73    71.276742    70.849135    70.849135 
42200000    451.93077   -144555.74   -142686.46    2425.5734    357780.73    71.268081     70.85344     70.85344 
42300000    451.93174   -144577.99   -142708.71    2040.4005    357780.73    71.259298    70.857806    70.857806 
42400000    447.94415    -144560.1   -142707.31    2270.2797    357780.73    71.250398    70.862231    70.862231 
42500000    448.88742   -144592.04   -142735.35    1939.2339    357780.73    71.241385    70.866714    70.866714 
42600000    450.17009   -144560.03   -142698.04    2250.4435    357780.73    71.232262    70.871252    70.871252 
42700000     449.1939   -144578.52   -142720.57    1777.9257    357780.73    71.223033    70.875843    70.875843 
42800000    450.34216   -144555.07   -142692.37    2456.5703    357780.73    71.213702    70.880486    70.880486 
42900000    450.24848   -144570.16   -142707.84    2034.2558    357780.73    71.204274    70.885179    70.885179 
43000000      449.792   -144558.57   -142698.14    2256.3035    357780.73    71.194753    70.889919    70.889919 
43100000      450.011   -144572.56   -142711.23    2191.2174    357780.73    71.185143    70.894704    70.894704 
43200000     452.8589   -144582.64   -142709.53    2112.1196    357780.73    71.175447    70.899532    70.899532 
43300000    450.12261   -144568.92   -142707.12    1692.9296    357780.73    71.165671    70.904402    70.904402 
43400000    450.90699   -144567.04      -142702    2384.4441    357780.73    71.155818    70.909311    70.909311 
43500000    447.66255   -144559.04   -142707.42    2280.4295    357780.73    71.145893    70.914256    70.914256 
43600000    448.71206   -144572.69   -142716.73    1985.0466    357780.73    71.135901    70.919237    70.919237 
43700000    453.43724   -144562.97   -142687.47    2385.5873    357780.73    71.125845     70.92425     70.92425 
43800000    450.58267   -144568.32   -142704.63    2201.5374    357780.73     71.11573    70.929294    70.929294 
43900000    450.53574   -144571.84   -142708.34    2041.0269    357780.73     71.10556    70.934366    70.934366 
44000000    450.01464   -144563.22   -142701.88    2093.5783    357780.73    71.095341    70.939464    70.939464 
44100000    452.84245   -144561.52   -142688.47    2317.3868    357780.73    71.085075    70.944586    70.944586 
44200000    448.41228   -144560.12    -142705.4    2097.8107    357780.73    71.074769    70.949729    70.949729 
44300000    452.12842   -144559.92   -142689.82    2211.2642    357780.73    71.064426    70.954892    70.954892 
44400000    450.51459   -144581.39   -142717.97    1604.2944    357780.73    71.054051    70.960072    70.960072 
44500000     451.3863   -144559.48   -142692.46     2248.729    357780.73    71.043649    70.965267    70.965267 
44600000     453.4088   -144562.81   -142687.42    2056.5237    357780.73    71.033224    70.970475    70.970475 
44700000    454.39987   -144558.39    -142678.9    2075.0349    357780.73     71.02278    70.975692    70.975692 
44800000    454.07757   -144576.31   -142698.16    1892.3792    357780.73    71.012323    70.980918    70.980918 
44900000    449.11673   -144591.91   -142734.27    1407.8303    357780.73    71.001856     70.98615     70.98615 
45000000    449.02007   -144565.97   -142708.74      2379.43    357780.73    70.991385    70.991385    70.991385 
45100000    445.51238   -144588.24   -142745.51    1788.8603    357780.73    70.980914    70.996621    70.996621 
45200000    451.99995   -144566.85   -142697.29    1937.8484    357780.73    70.970447    71.001856    71.001856 
45300000    449.19531   -144554.14   -142696.18    2489.4322    357780.73     70.95999    71.007088    71.007088 
45400000     448.7065   -144567.64    -142711.7    1976.6556    357780.73    70.949546    71.012314    71.012314 
45500000    447.79027   -144561.95   -142709.81    2370.0873    357780.73    70.939121    71.017531    71.017531 
45600000    447.67734   -144566.92   -142715.24     2288.344    357780.73    70.928718    71.022739    71.022739 
45700000    451.96046   -144567.66   -142698.26    2105.5278    357780.73    70.918343    71.027934    71.027934 
45800000    448.29709   -144553.48   -142699.24    2681.5772    357780.73       70.908    71.033114    71.033114 
45900000    447.54777   -144578.02   -142726.88    1898.9082    357780.73    70.897694    71.038277    71.038277 
46000000    451.81717   -144574.02   -142705.21    2210.7123    357780.73    70.887429     71.04342     71.04342 
46100000    451.04815   -144571.47   -142705.85    2270.4588    357780.73    70.877209    71.048541    71.048541 
46200000    451.79574   -144572.59   -142703.88    1989.9321    357780.73     70.86704    71.053639    71.053639 
